{"name": "TC-01: Verify Account Creation in Alice", "status": "failed", "statusDetails": {"message": "WebDriverException: Message: unknown error: net::ERR_NAME_NOT_RESOLVED\n  (Session info: chrome=90.0.4430.72)\nStacktrace:\nBacktrace:\n\tOrdinal0 [0x00BAC013+2474003]\n\tOrdinal0 [0x00B429C1+2042305]\n\tOrdinal0 [0x00A52F68+1060712]\n\tOrdinal0 [0x00A4FD69+1047913]\n\tOrdinal0 [0x00A45F09+1007369]\n\tOrdinal0 [0x00A45C6F+1006703]\n\tOrdinal0 [0x00A44258+1000024]\n\tOrdinal0 [0x00A447E6+1001446]\n\tOrdinal0 [0x00A5444D+1066061]\n\tOrdinal0 [0x00AA5BBD+1399741]\n\tOrdinal0 [0x00A96813+1337363]\n\tOrdinal0 [0x00AA55CB+1398219]\n\tOrdinal0 [0x00A966DB+1337051]\n\tOrdinal0 [0x00A73427+1192999]\n\tOrdinal0 [0x00A742EE+1196782]\n\tOrdinal0 [0x00A74279+1196665]\n\tGetHandleVerifier [0x00D396FC+1590332]\n\tGetHandleVerifier [0x00DE8614+2306900]\n\tGetHandleVerifier [0x00C39E93+543699]\n\tGetHandleVerifier [0x00C392CE+540686]\n\tOrdinal0 [0x00B486BA+2066106]\n\tOrdinal0 [0x00B4D1C8+2085320]\n\tOrdinal0 [0x00B4D308+2085640]\n\tOrdinal0 [0x00B567F3+2123763]\n\tBaseThreadInitThunk [0x75546359+25]\n\tRtlGetAppContainerNamedObjectPath [0x77B487D4+228]\n\tRtlGetAppContainerNamedObjectPath [0x77B487A4+180]\n"}, "description": "Open the Alice Application Account", "steps": [{"name": "JSONLibrary.Load JSON From File", "status": "passed", "statusDetails": {}, "attachments": [{"name": "Keyword Log", "source": "c2a52657-d35a-44a0-b326-0f35bf977845-attachment.html", "type": "text/html"}], "parameters": [{"name": "arg1", "value": "C:\\\\Users\\\\bmdesai\\\\eclipse-workspace\\\\AI_ML_Test_Execution_Framework\\\\ALICE\\\\General_Module\\\\TestCases_parallel_upload_process${/}Input_file1.json"}], "start": 1649469495842, "stop": 1649469495847}, {"name": "JSONLibrary.Get Value From Json", "status": "passed", "statusDetails": {}, "attachments": [{"name": "Keyword Log", "source": "ae5ee653-6ac3-4847-a631-f1a2b58e9d7f-attachment.html", "type": "text/html"}], "parameters": [{"name": "arg1", "value": "${result}"}, {"name": "arg2", "value": "$..Alice_Category"}], "start": 1649469495848, "stop": 1649469495881}, {"name": "BuiltIn.Get Length", "status": "passed", "statusDetails": {}, "attachments": [{"name": "Keyword Log", "source": "bd784def-f45a-41fc-920e-3ffec7db2ace-attachment.html", "type": "text/html"}], "parameters": [{"name": "arg1", "value": "@{value}"}], "start": 1649469495882, "stop": 1649469495883}, {"name": "${val} IN [ @{value} ]", "status": "failed", "statusDetails": {"message": "WebDriverException: Message: unknown error: net::ERR_NAME_NOT_RESOLVED\n  (Session info: chrome=90.0.4430.72)\nStacktrace:\nBacktrace:\n\tOrdinal0 [0x00BAC013+2474003]\n\tOrdinal0 [0x00B429C1+2042305]\n\tOrdinal0 [0x00A52F68+1060712]\n\tOrdinal0 [0x00A4FD69+1047913]\n\tOrdinal0 [0x00A45F09+1007369]\n\tOrdinal0 [0x00A45C6F+1006703]\n\tOrdinal0 [0x00A44258+1000024]\n\tOrdinal0 [0x00A447E6+1001446]\n\tOrdinal0 [0x00A5444D+1066061]\n\tOrdinal0 [0x00AA5BBD+1399741]\n\tOrdinal0 [0x00A96813+1337363]\n\tOrdinal0 [0x00AA55CB+1398219]\n\tOrdinal0 [0x00A966DB+1337051]\n\tOrdinal0 [0x00A73427+1192999]\n\tOrdinal0 [0x00A742EE+1196782]\n\tOrdinal0 [0x00A74279+1196665]\n\tGetHandleVerifier [0x00D396FC+1590332]\n\tGetHandleVerifier [0x00DE8614+2306900]\n\tGetHandleVerifier [0x00C39E93+543699]\n\tGetHandleVerifier [0x00C392CE+540686]\n\tOrdinal0 [0x00B486BA+2066106]\n\tOrdinal0 [0x00B4D1C8+2085320]\n\tOrdinal0 [0x00B4D308+2085640]\n\tOrdinal0 [0x00B567F3+2123763]\n\tBaseThreadInitThunk [0x75546359+25]\n\tRtlGetAppContainerNamedObjectPath [0x77B487D4+228]\n\tRtlGetAppContainerNamedObjectPath [0x77B487A4+180]\n"}, "steps": [{"name": "${val} = [{'appurl': 'https://alice-test-validation-staging.americas.abi.dyn.nesc.nokia.net/', 'username': 'testadmin', 'password': 'testadmin@12345', 'email': 'bindu.m_desai@nokia.com', 'enable': True, 'filen...", "status": "failed", "statusDetails": {"message": "WebDriverException: Message: unknown error: net::ERR_NAME_NOT_RESOLVED\n  (Session info: chrome=90.0.4430.72)\nStacktrace:\nBacktrace:\n\tOrdinal0 [0x00BAC013+2474003]\n\tOrdinal0 [0x00B429C1+2042305]\n\tOrdinal0 [0x00A52F68+1060712]\n\tOrdinal0 [0x00A4FD69+1047913]\n\tOrdinal0 [0x00A45F09+1007369]\n\tOrdinal0 [0x00A45C6F+1006703]\n\tOrdinal0 [0x00A44258+1000024]\n\tOrdinal0 [0x00A447E6+1001446]\n\tOrdinal0 [0x00A5444D+1066061]\n\tOrdinal0 [0x00AA5BBD+1399741]\n\tOrdinal0 [0x00A96813+1337363]\n\tOrdinal0 [0x00AA55CB+1398219]\n\tOrdinal0 [0x00A966DB+1337051]\n\tOrdinal0 [0x00A73427+1192999]\n\tOrdinal0 [0x00A742EE+1196782]\n\tOrdinal0 [0x00A74279+1196665]\n\tGetHandleVerifier [0x00D396FC+1590332]\n\tGetHandleVerifier [0x00DE8614+2306900]\n\tGetHandleVerifier [0x00C39E93+543699]\n\tGetHandleVerifier [0x00C392CE+540686]\n\tOrdinal0 [0x00B486BA+2066106]\n\tOrdinal0 [0x00B4D1C8+2085320]\n\tOrdinal0 [0x00B4D308+2085640]\n\tOrdinal0 [0x00B567F3+2123763]\n\tBaseThreadInitThunk [0x75546359+25]\n\tRtlGetAppContainerNamedObjectPath [0x77B487D4+228]\n\tRtlGetAppContainerNamedObjectPath [0x77B487A4+180]\n"}, "steps": [{"name": "BuiltIn.Log", "status": "passed", "statusDetails": {}, "attachments": [{"name": "Keyword Log", "source": "ac84ddf0-7fa0-4c4b-927d-d041047767b7-attachment.html", "type": "text/html"}], "parameters": [{"name": "arg1", "value": "${val}"}], "start": 1649469495885, "stop": 1649469495887}, {"name": "keyword. looping over json object", "status": "failed", "statusDetails": {"message": "WebDriverException: Message: unknown error: net::ERR_NAME_NOT_RESOLVED\n  (Session info: chrome=90.0.4430.72)\nStacktrace:\nBacktrace:\n\tOrdinal0 [0x00BAC013+2474003]\n\tOrdinal0 [0x00B429C1+2042305]\n\tOrdinal0 [0x00A52F68+1060712]\n\tOrdinal0 [0x00A4FD69+1047913]\n\tOrdinal0 [0x00A45F09+1007369]\n\tOrdinal0 [0x00A45C6F+1006703]\n\tOrdinal0 [0x00A44258+1000024]\n\tOrdinal0 [0x00A447E6+1001446]\n\tOrdinal0 [0x00A5444D+1066061]\n\tOrdinal0 [0x00AA5BBD+1399741]\n\tOrdinal0 [0x00A96813+1337363]\n\tOrdinal0 [0x00AA55CB+1398219]\n\tOrdinal0 [0x00A966DB+1337051]\n\tOrdinal0 [0x00A73427+1192999]\n\tOrdinal0 [0x00A742EE+1196782]\n\tOrdinal0 [0x00A74279+1196665]\n\tGetHandleVerifier [0x00D396FC+1590332]\n\tGetHandleVerifier [0x00DE8614+2306900]\n\tGetHandleVerifier [0x00C39E93+543699]\n\tGetHandleVerifier [0x00C392CE+540686]\n\tOrdinal0 [0x00B486BA+2066106]\n\tOrdinal0 [0x00B4D1C8+2085320]\n\tOrdinal0 [0x00B4D308+2085640]\n\tOrdinal0 [0x00B567F3+2123763]\n\tBaseThreadInitThunk [0x75546359+25]\n\tRtlGetAppContainerNamedObjectPath [0x77B487D4+228]\n\tRtlGetAppContainerNamedObjectPath [0x77B487A4+180]\n"}, "steps": [{"name": "${i} IN RANGE [ ${length} ]", "status": "failed", "statusDetails": {"message": "WebDriverException: Message: unknown error: net::ERR_NAME_NOT_RESOLVED\n  (Session info: chrome=90.0.4430.72)\nStacktrace:\nBacktrace:\n\tOrdinal0 [0x00BAC013+2474003]\n\tOrdinal0 [0x00B429C1+2042305]\n\tOrdinal0 [0x00A52F68+1060712]\n\tOrdinal0 [0x00A4FD69+1047913]\n\tOrdinal0 [0x00A45F09+1007369]\n\tOrdinal0 [0x00A45C6F+1006703]\n\tOrdinal0 [0x00A44258+1000024]\n\tOrdinal0 [0x00A447E6+1001446]\n\tOrdinal0 [0x00A5444D+1066061]\n\tOrdinal0 [0x00AA5BBD+1399741]\n\tOrdinal0 [0x00A96813+1337363]\n\tOrdinal0 [0x00AA55CB+1398219]\n\tOrdinal0 [0x00A966DB+1337051]\n\tOrdinal0 [0x00A73427+1192999]\n\tOrdinal0 [0x00A742EE+1196782]\n\tOrdinal0 [0x00A74279+1196665]\n\tGetHandleVerifier [0x00D396FC+1590332]\n\tGetHandleVerifier [0x00DE8614+2306900]\n\tGetHandleVerifier [0x00C39E93+543699]\n\tGetHandleVerifier [0x00C392CE+540686]\n\tOrdinal0 [0x00B486BA+2066106]\n\tOrdinal0 [0x00B4D1C8+2085320]\n\tOrdinal0 [0x00B4D308+2085640]\n\tOrdinal0 [0x00B567F3+2123763]\n\tBaseThreadInitThunk [0x75546359+25]\n\tRtlGetAppContainerNamedObjectPath [0x77B487D4+228]\n\tRtlGetAppContainerNamedObjectPath [0x77B487A4+180]\n"}, "steps": [{"name": "${i} = 0", "status": "failed", "statusDetails": {"message": "WebDriverException: Message: unknown error: net::ERR_NAME_NOT_RESOLVED\n  (Session info: chrome=90.0.4430.72)\nStacktrace:\nBacktrace:\n\tOrdinal0 [0x00BAC013+2474003]\n\tOrdinal0 [0x00B429C1+2042305]\n\tOrdinal0 [0x00A52F68+1060712]\n\tOrdinal0 [0x00A4FD69+1047913]\n\tOrdinal0 [0x00A45F09+1007369]\n\tOrdinal0 [0x00A45C6F+1006703]\n\tOrdinal0 [0x00A44258+1000024]\n\tOrdinal0 [0x00A447E6+1001446]\n\tOrdinal0 [0x00A5444D+1066061]\n\tOrdinal0 [0x00AA5BBD+1399741]\n\tOrdinal0 [0x00A96813+1337363]\n\tOrdinal0 [0x00AA55CB+1398219]\n\tOrdinal0 [0x00A966DB+1337051]\n\tOrdinal0 [0x00A73427+1192999]\n\tOrdinal0 [0x00A742EE+1196782]\n\tOrdinal0 [0x00A74279+1196665]\n\tGetHandleVerifier [0x00D396FC+1590332]\n\tGetHandleVerifier [0x00DE8614+2306900]\n\tGetHandleVerifier [0x00C39E93+543699]\n\tGetHandleVerifier [0x00C392CE+540686]\n\tOrdinal0 [0x00B486BA+2066106]\n\tOrdinal0 [0x00B4D1C8+2085320]\n\tOrdinal0 [0x00B4D308+2085640]\n\tOrdinal0 [0x00B567F3+2123763]\n\tBaseThreadInitThunk [0x75546359+25]\n\tRtlGetAppContainerNamedObjectPath [0x77B487D4+228]\n\tRtlGetAppContainerNamedObjectPath [0x77B487A4+180]\n"}, "steps": [{"name": "BuiltIn.Log", "status": "passed", "statusDetails": {}, "attachments": [{"name": "Keyword Log", "source": "169fa489-7729-4d86-a011-2f8bb5d6f40a-attachment.html", "type": "text/html"}], "parameters": [{"name": "arg1", "value": "${val}[${i}]"}], "start": 1649469495888, "stop": 1649469495890}, {"name": "keyword. Alice Upload Bundle Activities", "status": "failed", "statusDetails": {"message": "WebDriverException: Message: unknown error: net::ERR_NAME_NOT_RESOLVED\n  (Session info: chrome=90.0.4430.72)\nStacktrace:\nBacktrace:\n\tOrdinal0 [0x00BAC013+2474003]\n\tOrdinal0 [0x00B429C1+2042305]\n\tOrdinal0 [0x00A52F68+1060712]\n\tOrdinal0 [0x00A4FD69+1047913]\n\tOrdinal0 [0x00A45F09+1007369]\n\tOrdinal0 [0x00A45C6F+1006703]\n\tOrdinal0 [0x00A44258+1000024]\n\tOrdinal0 [0x00A447E6+1001446]\n\tOrdinal0 [0x00A5444D+1066061]\n\tOrdinal0 [0x00AA5BBD+1399741]\n\tOrdinal0 [0x00A96813+1337363]\n\tOrdinal0 [0x00AA55CB+1398219]\n\tOrdinal0 [0x00A966DB+1337051]\n\tOrdinal0 [0x00A73427+1192999]\n\tOrdinal0 [0x00A742EE+1196782]\n\tOrdinal0 [0x00A74279+1196665]\n\tGetHandleVerifier [0x00D396FC+1590332]\n\tGetHandleVerifier [0x00DE8614+2306900]\n\tGetHandleVerifier [0x00C39E93+543699]\n\tGetHandleVerifier [0x00C392CE+540686]\n\tOrdinal0 [0x00B486BA+2066106]\n\tOrdinal0 [0x00B4D1C8+2085320]\n\tOrdinal0 [0x00B4D308+2085640]\n\tOrdinal0 [0x00B567F3+2123763]\n\tBaseThreadInitThunk [0x75546359+25]\n\tRtlGetAppContainerNamedObjectPath [0x77B487D4+228]\n\tRtlGetAppContainerNamedObjectPath [0x77B487A4+180]\n"}, "steps": [{"name": "SeleniumLibrary.Open Browser", "status": "failed", "statusDetails": {"message": "WebDriverException: Message: unknown error: net::ERR_NAME_NOT_RESOLVED\n  (Session info: chrome=90.0.4430.72)\nStacktrace:\nBacktrace:\n\tOrdinal0 [0x00BAC013+2474003]\n\tOrdinal0 [0x00B429C1+2042305]\n\tOrdinal0 [0x00A52F68+1060712]\n\tOrdinal0 [0x00A4FD69+1047913]\n\tOrdinal0 [0x00A45F09+1007369]\n\tOrdinal0 [0x00A45C6F+1006703]\n\tOrdinal0 [0x00A44258+1000024]\n\tOrdinal0 [0x00A447E6+1001446]\n\tOrdinal0 [0x00A5444D+1066061]\n\tOrdinal0 [0x00AA5BBD+1399741]\n\tOrdinal0 [0x00A96813+1337363]\n\tOrdinal0 [0x00AA55CB+1398219]\n\tOrdinal0 [0x00A966DB+1337051]\n\tOrdinal0 [0x00A73427+1192999]\n\tOrdinal0 [0x00A742EE+1196782]\n\tOrdinal0 [0x00A74279+1196665]\n\tGetHandleVerifier [0x00D396FC+1590332]\n\tGetHandleVerifier [0x00DE8614+2306900]\n\tGetHandleVerifier [0x00C39E93+543699]\n\tGetHandleVerifier [0x00C392CE+540686]\n\tOrdinal0 [0x00B486BA+2066106]\n\tOrdinal0 [0x00B4D1C8+2085320]\n\tOrdinal0 [0x00B4D308+2085640]\n\tOrdinal0 [0x00B567F3+2123763]\n\tBaseThreadInitThunk [0x75546359+25]\n\tRtlGetAppContainerNamedObjectPath [0x77B487D4+228]\n\tRtlGetAppContainerNamedObjectPath [0x77B487A4+180]\n"}, "attachments": [{"name": "Keyword Log", "source": "e56bf679-4cee-45cb-8567-2eec97d0867b-attachment.html", "type": "text/html"}], "parameters": [{"name": "arg1", "value": "${val[${i}][\"appurl\"]}"}, {"name": "arg2", "value": "chrome"}], "start": 1649469495891, "stop": 1649469500835}, {"name": "BuiltIn.Log", "status": "failed", "statusDetails": {"message": "WebDriverException: Message: unknown error: net::ERR_NAME_NOT_RESOLVED\n  (Session info: chrome=90.0.4430.72)\nStacktrace:\nBacktrace:\n\tOrdinal0 [0x00BAC013+2474003]\n\tOrdinal0 [0x00B429C1+2042305]\n\tOrdinal0 [0x00A52F68+1060712]\n\tOrdinal0 [0x00A4FD69+1047913]\n\tOrdinal0 [0x00A45F09+1007369]\n\tOrdinal0 [0x00A45C6F+1006703]\n\tOrdinal0 [0x00A44258+1000024]\n\tOrdinal0 [0x00A447E6+1001446]\n\tOrdinal0 [0x00A5444D+1066061]\n\tOrdinal0 [0x00AA5BBD+1399741]\n\tOrdinal0 [0x00A96813+1337363]\n\tOrdinal0 [0x00AA55CB+1398219]\n\tOrdinal0 [0x00A966DB+1337051]\n\tOrdinal0 [0x00A73427+1192999]\n\tOrdinal0 [0x00A742EE+1196782]\n\tOrdinal0 [0x00A74279+1196665]\n\tGetHandleVerifier [0x00D396FC+1590332]\n\tGetHandleVerifier [0x00DE8614+2306900]\n\tGetHandleVerifier [0x00C39E93+543699]\n\tGetHandleVerifier [0x00C392CE+540686]\n\tOrdinal0 [0x00B486BA+2066106]\n\tOrdinal0 [0x00B4D1C8+2085320]\n\tOrdinal0 [0x00B4D308+2085640]\n\tOrdinal0 [0x00B567F3+2123763]\n\tBaseThreadInitThunk [0x75546359+25]\n\tRtlGetAppContainerNamedObjectPath [0x77B487D4+228]\n\tRtlGetAppContainerNamedObjectPath [0x77B487A4+180]\n"}, "parameters": [{"name": "arg1", "value": "Alice Application Url is opened in chrome browser"}], "start": 1649469500836, "stop": 1649469500837}, {"name": "SeleniumLibrary.Maximize Browser Window", "status": "failed", "statusDetails": {"message": "WebDriverException: Message: unknown error: net::ERR_NAME_NOT_RESOLVED\n  (Session info: chrome=90.0.4430.72)\nStacktrace:\nBacktrace:\n\tOrdinal0 [0x00BAC013+2474003]\n\tOrdinal0 [0x00B429C1+2042305]\n\tOrdinal0 [0x00A52F68+1060712]\n\tOrdinal0 [0x00A4FD69+1047913]\n\tOrdinal0 [0x00A45F09+1007369]\n\tOrdinal0 [0x00A45C6F+1006703]\n\tOrdinal0 [0x00A44258+1000024]\n\tOrdinal0 [0x00A447E6+1001446]\n\tOrdinal0 [0x00A5444D+1066061]\n\tOrdinal0 [0x00AA5BBD+1399741]\n\tOrdinal0 [0x00A96813+1337363]\n\tOrdinal0 [0x00AA55CB+1398219]\n\tOrdinal0 [0x00A966DB+1337051]\n\tOrdinal0 [0x00A73427+1192999]\n\tOrdinal0 [0x00A742EE+1196782]\n\tOrdinal0 [0x00A74279+1196665]\n\tGetHandleVerifier [0x00D396FC+1590332]\n\tGetHandleVerifier [0x00DE8614+2306900]\n\tGetHandleVerifier [0x00C39E93+543699]\n\tGetHandleVerifier [0x00C392CE+540686]\n\tOrdinal0 [0x00B486BA+2066106]\n\tOrdinal0 [0x00B4D1C8+2085320]\n\tOrdinal0 [0x00B4D308+2085640]\n\tOrdinal0 [0x00B567F3+2123763]\n\tBaseThreadInitThunk [0x75546359+25]\n\tRtlGetAppContainerNamedObjectPath [0x77B487D4+228]\n\tRtlGetAppContainerNamedObjectPath [0x77B487A4+180]\n"}, "start": 1649469500837, "stop": 1649469500837}, {"name": "SeleniumLibrary.Click Element", "status": "failed", "statusDetails": {"message": "WebDriverException: Message: unknown error: net::ERR_NAME_NOT_RESOLVED\n  (Session info: chrome=90.0.4430.72)\nStacktrace:\nBacktrace:\n\tOrdinal0 [0x00BAC013+2474003]\n\tOrdinal0 [0x00B429C1+2042305]\n\tOrdinal0 [0x00A52F68+1060712]\n\tOrdinal0 [0x00A4FD69+1047913]\n\tOrdinal0 [0x00A45F09+1007369]\n\tOrdinal0 [0x00A45C6F+1006703]\n\tOrdinal0 [0x00A44258+1000024]\n\tOrdinal0 [0x00A447E6+1001446]\n\tOrdinal0 [0x00A5444D+1066061]\n\tOrdinal0 [0x00AA5BBD+1399741]\n\tOrdinal0 [0x00A96813+1337363]\n\tOrdinal0 [0x00AA55CB+1398219]\n\tOrdinal0 [0x00A966DB+1337051]\n\tOrdinal0 [0x00A73427+1192999]\n\tOrdinal0 [0x00A742EE+1196782]\n\tOrdinal0 [0x00A74279+1196665]\n\tGetHandleVerifier [0x00D396FC+1590332]\n\tGetHandleVerifier [0x00DE8614+2306900]\n\tGetHandleVerifier [0x00C39E93+543699]\n\tGetHandleVerifier [0x00C392CE+540686]\n\tOrdinal0 [0x00B486BA+2066106]\n\tOrdinal0 [0x00B4D1C8+2085320]\n\tOrdinal0 [0x00B4D308+2085640]\n\tOrdinal0 [0x00B567F3+2123763]\n\tBaseThreadInitThunk [0x75546359+25]\n\tRtlGetAppContainerNamedObjectPath [0x77B487D4+228]\n\tRtlGetAppContainerNamedObjectPath [0x77B487A4+180]\n"}, "parameters": [{"name": "arg1", "value": "${clickssologin}"}], "start": 1649469500837, "stop": 1649469500837}, {"name": "BuiltIn.Log", "status": "failed", "statusDetails": {"message": "WebDriverException: Message: unknown error: net::ERR_NAME_NOT_RESOLVED\n  (Session info: chrome=90.0.4430.72)\nStacktrace:\nBacktrace:\n\tOrdinal0 [0x00BAC013+2474003]\n\tOrdinal0 [0x00B429C1+2042305]\n\tOrdinal0 [0x00A52F68+1060712]\n\tOrdinal0 [0x00A4FD69+1047913]\n\tOrdinal0 [0x00A45F09+1007369]\n\tOrdinal0 [0x00A45C6F+1006703]\n\tOrdinal0 [0x00A44258+1000024]\n\tOrdinal0 [0x00A447E6+1001446]\n\tOrdinal0 [0x00A5444D+1066061]\n\tOrdinal0 [0x00AA5BBD+1399741]\n\tOrdinal0 [0x00A96813+1337363]\n\tOrdinal0 [0x00AA55CB+1398219]\n\tOrdinal0 [0x00A966DB+1337051]\n\tOrdinal0 [0x00A73427+1192999]\n\tOrdinal0 [0x00A742EE+1196782]\n\tOrdinal0 [0x00A74279+1196665]\n\tGetHandleVerifier [0x00D396FC+1590332]\n\tGetHandleVerifier [0x00DE8614+2306900]\n\tGetHandleVerifier [0x00C39E93+543699]\n\tGetHandleVerifier [0x00C392CE+540686]\n\tOrdinal0 [0x00B486BA+2066106]\n\tOrdinal0 [0x00B4D1C8+2085320]\n\tOrdinal0 [0x00B4D308+2085640]\n\tOrdinal0 [0x00B567F3+2123763]\n\tBaseThreadInitThunk [0x75546359+25]\n\tRtlGetAppContainerNamedObjectPath [0x77B487D4+228]\n\tRtlGetAppContainerNamedObjectPath [0x77B487A4+180]\n"}, "parameters": [{"name": "arg1", "value": "${SSOLoginMessage}"}], "start": 1649469500837, "stop": 1649469500837}, {"name": "BuiltIn.Log", "status": "failed", "statusDetails": {"message": "WebDriverException: Message: unknown error: net::ERR_NAME_NOT_RESOLVED\n  (Session info: chrome=90.0.4430.72)\nStacktrace:\nBacktrace:\n\tOrdinal0 [0x00BAC013+2474003]\n\tOrdinal0 [0x00B429C1+2042305]\n\tOrdinal0 [0x00A52F68+1060712]\n\tOrdinal0 [0x00A4FD69+1047913]\n\tOrdinal0 [0x00A45F09+1007369]\n\tOrdinal0 [0x00A45C6F+1006703]\n\tOrdinal0 [0x00A44258+1000024]\n\tOrdinal0 [0x00A447E6+1001446]\n\tOrdinal0 [0x00A5444D+1066061]\n\tOrdinal0 [0x00AA5BBD+1399741]\n\tOrdinal0 [0x00A96813+1337363]\n\tOrdinal0 [0x00AA55CB+1398219]\n\tOrdinal0 [0x00A966DB+1337051]\n\tOrdinal0 [0x00A73427+1192999]\n\tOrdinal0 [0x00A742EE+1196782]\n\tOrdinal0 [0x00A74279+1196665]\n\tGetHandleVerifier [0x00D396FC+1590332]\n\tGetHandleVerifier [0x00DE8614+2306900]\n\tGetHandleVerifier [0x00C39E93+543699]\n\tGetHandleVerifier [0x00C392CE+540686]\n\tOrdinal0 [0x00B486BA+2066106]\n\tOrdinal0 [0x00B4D1C8+2085320]\n\tOrdinal0 [0x00B4D308+2085640]\n\tOrdinal0 [0x00B567F3+2123763]\n\tBaseThreadInitThunk [0x75546359+25]\n\tRtlGetAppContainerNamedObjectPath [0x77B487D4+228]\n\tRtlGetAppContainerNamedObjectPath [0x77B487A4+180]\n"}, "parameters": [{"name": "arg1", "value": "Alice Authentication has been initated"}], "start": 1649469500837, "stop": 1649469500837}, {"name": "SeleniumLibrary.Wait Until Element Is Visible", "status": "failed", "statusDetails": {"message": "WebDriverException: Message: unknown error: net::ERR_NAME_NOT_RESOLVED\n  (Session info: chrome=90.0.4430.72)\nStacktrace:\nBacktrace:\n\tOrdinal0 [0x00BAC013+2474003]\n\tOrdinal0 [0x00B429C1+2042305]\n\tOrdinal0 [0x00A52F68+1060712]\n\tOrdinal0 [0x00A4FD69+1047913]\n\tOrdinal0 [0x00A45F09+1007369]\n\tOrdinal0 [0x00A45C6F+1006703]\n\tOrdinal0 [0x00A44258+1000024]\n\tOrdinal0 [0x00A447E6+1001446]\n\tOrdinal0 [0x00A5444D+1066061]\n\tOrdinal0 [0x00AA5BBD+1399741]\n\tOrdinal0 [0x00A96813+1337363]\n\tOrdinal0 [0x00AA55CB+1398219]\n\tOrdinal0 [0x00A966DB+1337051]\n\tOrdinal0 [0x00A73427+1192999]\n\tOrdinal0 [0x00A742EE+1196782]\n\tOrdinal0 [0x00A74279+1196665]\n\tGetHandleVerifier [0x00D396FC+1590332]\n\tGetHandleVerifier [0x00DE8614+2306900]\n\tGetHandleVerifier [0x00C39E93+543699]\n\tGetHandleVerifier [0x00C392CE+540686]\n\tOrdinal0 [0x00B486BA+2066106]\n\tOrdinal0 [0x00B4D1C8+2085320]\n\tOrdinal0 [0x00B4D308+2085640]\n\tOrdinal0 [0x00B567F3+2123763]\n\tBaseThreadInitThunk [0x75546359+25]\n\tRtlGetAppContainerNamedObjectPath [0x77B487D4+228]\n\tRtlGetAppContainerNamedObjectPath [0x77B487A4+180]\n"}, "parameters": [{"name": "arg1", "value": "${inputEmailUrl}"}], "start": 1649469500837, "stop": 1649469500842}, {"name": "SeleniumLibrary.Input Text", "status": "failed", "statusDetails": {"message": "WebDriverException: Message: unknown error: net::ERR_NAME_NOT_RESOLVED\n  (Session info: chrome=90.0.4430.72)\nStacktrace:\nBacktrace:\n\tOrdinal0 [0x00BAC013+2474003]\n\tOrdinal0 [0x00B429C1+2042305]\n\tOrdinal0 [0x00A52F68+1060712]\n\tOrdinal0 [0x00A4FD69+1047913]\n\tOrdinal0 [0x00A45F09+1007369]\n\tOrdinal0 [0x00A45C6F+1006703]\n\tOrdinal0 [0x00A44258+1000024]\n\tOrdinal0 [0x00A447E6+1001446]\n\tOrdinal0 [0x00A5444D+1066061]\n\tOrdinal0 [0x00AA5BBD+1399741]\n\tOrdinal0 [0x00A96813+1337363]\n\tOrdinal0 [0x00AA55CB+1398219]\n\tOrdinal0 [0x00A966DB+1337051]\n\tOrdinal0 [0x00A73427+1192999]\n\tOrdinal0 [0x00A742EE+1196782]\n\tOrdinal0 [0x00A74279+1196665]\n\tGetHandleVerifier [0x00D396FC+1590332]\n\tGetHandleVerifier [0x00DE8614+2306900]\n\tGetHandleVerifier [0x00C39E93+543699]\n\tGetHandleVerifier [0x00C392CE+540686]\n\tOrdinal0 [0x00B486BA+2066106]\n\tOrdinal0 [0x00B4D1C8+2085320]\n\tOrdinal0 [0x00B4D308+2085640]\n\tOrdinal0 [0x00B567F3+2123763]\n\tBaseThreadInitThunk [0x75546359+25]\n\tRtlGetAppContainerNamedObjectPath [0x77B487D4+228]\n\tRtlGetAppContainerNamedObjectPath [0x77B487A4+180]\n"}, "parameters": [{"name": "arg1", "value": "${inputEmailUrl}"}, {"name": "arg2", "value": "${val[${i}][\"email\"]}"}], "start": 1649469500843, "stop": 1649469500844}, {"name": "BuiltIn.Log", "status": "failed", "statusDetails": {"message": "WebDriverException: Message: unknown error: net::ERR_NAME_NOT_RESOLVED\n  (Session info: chrome=90.0.4430.72)\nStacktrace:\nBacktrace:\n\tOrdinal0 [0x00BAC013+2474003]\n\tOrdinal0 [0x00B429C1+2042305]\n\tOrdinal0 [0x00A52F68+1060712]\n\tOrdinal0 [0x00A4FD69+1047913]\n\tOrdinal0 [0x00A45F09+1007369]\n\tOrdinal0 [0x00A45C6F+1006703]\n\tOrdinal0 [0x00A44258+1000024]\n\tOrdinal0 [0x00A447E6+1001446]\n\tOrdinal0 [0x00A5444D+1066061]\n\tOrdinal0 [0x00AA5BBD+1399741]\n\tOrdinal0 [0x00A96813+1337363]\n\tOrdinal0 [0x00AA55CB+1398219]\n\tOrdinal0 [0x00A966DB+1337051]\n\tOrdinal0 [0x00A73427+1192999]\n\tOrdinal0 [0x00A742EE+1196782]\n\tOrdinal0 [0x00A74279+1196665]\n\tGetHandleVerifier [0x00D396FC+1590332]\n\tGetHandleVerifier [0x00DE8614+2306900]\n\tGetHandleVerifier [0x00C39E93+543699]\n\tGetHandleVerifier [0x00C392CE+540686]\n\tOrdinal0 [0x00B486BA+2066106]\n\tOrdinal0 [0x00B4D1C8+2085320]\n\tOrdinal0 [0x00B4D308+2085640]\n\tOrdinal0 [0x00B567F3+2123763]\n\tBaseThreadInitThunk [0x75546359+25]\n\tRtlGetAppContainerNamedObjectPath [0x77B487D4+228]\n\tRtlGetAppContainerNamedObjectPath [0x77B487A4+180]\n"}, "parameters": [{"name": "arg1", "value": "Alice Authenticate purpose Email given as input"}], "start": 1649469500844, "stop": 1649469500844}, {"name": "SeleniumLibrary.Click Button", "status": "failed", "statusDetails": {"message": "WebDriverException: Message: unknown error: net::ERR_NAME_NOT_RESOLVED\n  (Session info: chrome=90.0.4430.72)\nStacktrace:\nBacktrace:\n\tOrdinal0 [0x00BAC013+2474003]\n\tOrdinal0 [0x00B429C1+2042305]\n\tOrdinal0 [0x00A52F68+1060712]\n\tOrdinal0 [0x00A4FD69+1047913]\n\tOrdinal0 [0x00A45F09+1007369]\n\tOrdinal0 [0x00A45C6F+1006703]\n\tOrdinal0 [0x00A44258+1000024]\n\tOrdinal0 [0x00A447E6+1001446]\n\tOrdinal0 [0x00A5444D+1066061]\n\tOrdinal0 [0x00AA5BBD+1399741]\n\tOrdinal0 [0x00A96813+1337363]\n\tOrdinal0 [0x00AA55CB+1398219]\n\tOrdinal0 [0x00A966DB+1337051]\n\tOrdinal0 [0x00A73427+1192999]\n\tOrdinal0 [0x00A742EE+1196782]\n\tOrdinal0 [0x00A74279+1196665]\n\tGetHandleVerifier [0x00D396FC+1590332]\n\tGetHandleVerifier [0x00DE8614+2306900]\n\tGetHandleVerifier [0x00C39E93+543699]\n\tGetHandleVerifier [0x00C392CE+540686]\n\tOrdinal0 [0x00B486BA+2066106]\n\tOrdinal0 [0x00B4D1C8+2085320]\n\tOrdinal0 [0x00B4D308+2085640]\n\tOrdinal0 [0x00B567F3+2123763]\n\tBaseThreadInitThunk [0x75546359+25]\n\tRtlGetAppContainerNamedObjectPath [0x77B487D4+228]\n\tRtlGetAppContainerNamedObjectPath [0x77B487A4+180]\n"}, "parameters": [{"name": "arg1", "value": "${emailClickButton}"}], "start": 1649469500845, "stop": 1649469500845}, {"name": "BuiltIn.Log", "status": "failed", "statusDetails": {"message": "WebDriverException: Message: unknown error: net::ERR_NAME_NOT_RESOLVED\n  (Session info: chrome=90.0.4430.72)\nStacktrace:\nBacktrace:\n\tOrdinal0 [0x00BAC013+2474003]\n\tOrdinal0 [0x00B429C1+2042305]\n\tOrdinal0 [0x00A52F68+1060712]\n\tOrdinal0 [0x00A4FD69+1047913]\n\tOrdinal0 [0x00A45F09+1007369]\n\tOrdinal0 [0x00A45C6F+1006703]\n\tOrdinal0 [0x00A44258+1000024]\n\tOrdinal0 [0x00A447E6+1001446]\n\tOrdinal0 [0x00A5444D+1066061]\n\tOrdinal0 [0x00AA5BBD+1399741]\n\tOrdinal0 [0x00A96813+1337363]\n\tOrdinal0 [0x00AA55CB+1398219]\n\tOrdinal0 [0x00A966DB+1337051]\n\tOrdinal0 [0x00A73427+1192999]\n\tOrdinal0 [0x00A742EE+1196782]\n\tOrdinal0 [0x00A74279+1196665]\n\tGetHandleVerifier [0x00D396FC+1590332]\n\tGetHandleVerifier [0x00DE8614+2306900]\n\tGetHandleVerifier [0x00C39E93+543699]\n\tGetHandleVerifier [0x00C392CE+540686]\n\tOrdinal0 [0x00B486BA+2066106]\n\tOrdinal0 [0x00B4D1C8+2085320]\n\tOrdinal0 [0x00B4D308+2085640]\n\tOrdinal0 [0x00B567F3+2123763]\n\tBaseThreadInitThunk [0x75546359+25]\n\tRtlGetAppContainerNamedObjectPath [0x77B487D4+228]\n\tRtlGetAppContainerNamedObjectPath [0x77B487A4+180]\n"}, "parameters": [{"name": "arg1", "value": "${AccountVerificationMessage}"}], "start": 1649469500845, "stop": 1649469500845}, {"name": "SeleniumLibrary.Wait Until Element Is Visible", "status": "failed", "statusDetails": {"message": "WebDriverException: Message: unknown error: net::ERR_NAME_NOT_RESOLVED\n  (Session info: chrome=90.0.4430.72)\nStacktrace:\nBacktrace:\n\tOrdinal0 [0x00BAC013+2474003]\n\tOrdinal0 [0x00B429C1+2042305]\n\tOrdinal0 [0x00A52F68+1060712]\n\tOrdinal0 [0x00A4FD69+1047913]\n\tOrdinal0 [0x00A45F09+1007369]\n\tOrdinal0 [0x00A45C6F+1006703]\n\tOrdinal0 [0x00A44258+1000024]\n\tOrdinal0 [0x00A447E6+1001446]\n\tOrdinal0 [0x00A5444D+1066061]\n\tOrdinal0 [0x00AA5BBD+1399741]\n\tOrdinal0 [0x00A96813+1337363]\n\tOrdinal0 [0x00AA55CB+1398219]\n\tOrdinal0 [0x00A966DB+1337051]\n\tOrdinal0 [0x00A73427+1192999]\n\tOrdinal0 [0x00A742EE+1196782]\n\tOrdinal0 [0x00A74279+1196665]\n\tGetHandleVerifier [0x00D396FC+1590332]\n\tGetHandleVerifier [0x00DE8614+2306900]\n\tGetHandleVerifier [0x00C39E93+543699]\n\tGetHandleVerifier [0x00C392CE+540686]\n\tOrdinal0 [0x00B486BA+2066106]\n\tOrdinal0 [0x00B4D1C8+2085320]\n\tOrdinal0 [0x00B4D308+2085640]\n\tOrdinal0 [0x00B567F3+2123763]\n\tBaseThreadInitThunk [0x75546359+25]\n\tRtlGetAppContainerNamedObjectPath [0x77B487D4+228]\n\tRtlGetAppContainerNamedObjectPath [0x77B487A4+180]\n"}, "parameters": [{"name": "arg1", "value": "${uploadBundleClickButton}"}, {"name": "arg2", "value": "${TimeoutSetup}"}], "start": 1649469500845, "stop": 1649469500845}, {"name": "SeleniumLibrary.Click Button", "status": "failed", "statusDetails": {"message": "WebDriverException: Message: unknown error: net::ERR_NAME_NOT_RESOLVED\n  (Session info: chrome=90.0.4430.72)\nStacktrace:\nBacktrace:\n\tOrdinal0 [0x00BAC013+2474003]\n\tOrdinal0 [0x00B429C1+2042305]\n\tOrdinal0 [0x00A52F68+1060712]\n\tOrdinal0 [0x00A4FD69+1047913]\n\tOrdinal0 [0x00A45F09+1007369]\n\tOrdinal0 [0x00A45C6F+1006703]\n\tOrdinal0 [0x00A44258+1000024]\n\tOrdinal0 [0x00A447E6+1001446]\n\tOrdinal0 [0x00A5444D+1066061]\n\tOrdinal0 [0x00AA5BBD+1399741]\n\tOrdinal0 [0x00A96813+1337363]\n\tOrdinal0 [0x00AA55CB+1398219]\n\tOrdinal0 [0x00A966DB+1337051]\n\tOrdinal0 [0x00A73427+1192999]\n\tOrdinal0 [0x00A742EE+1196782]\n\tOrdinal0 [0x00A74279+1196665]\n\tGetHandleVerifier [0x00D396FC+1590332]\n\tGetHandleVerifier [0x00DE8614+2306900]\n\tGetHandleVerifier [0x00C39E93+543699]\n\tGetHandleVerifier [0x00C392CE+540686]\n\tOrdinal0 [0x00B486BA+2066106]\n\tOrdinal0 [0x00B4D1C8+2085320]\n\tOrdinal0 [0x00B4D308+2085640]\n\tOrdinal0 [0x00B567F3+2123763]\n\tBaseThreadInitThunk [0x75546359+25]\n\tRtlGetAppContainerNamedObjectPath [0x77B487D4+228]\n\tRtlGetAppContainerNamedObjectPath [0x77B487A4+180]\n"}, "parameters": [{"name": "arg1", "value": "${uploadBundleClickButton}"}], "start": 1649469500845, "stop": 1649469500847}, {"name": "BuiltIn.Run Keyword And Return Status", "status": "failed", "statusDetails": {"message": "WebDriverException: Message: unknown error: net::ERR_NAME_NOT_RESOLVED\n  (Session info: chrome=90.0.4430.72)\nStacktrace:\nBacktrace:\n\tOrdinal0 [0x00BAC013+2474003]\n\tOrdinal0 [0x00B429C1+2042305]\n\tOrdinal0 [0x00A52F68+1060712]\n\tOrdinal0 [0x00A4FD69+1047913]\n\tOrdinal0 [0x00A45F09+1007369]\n\tOrdinal0 [0x00A45C6F+1006703]\n\tOrdinal0 [0x00A44258+1000024]\n\tOrdinal0 [0x00A447E6+1001446]\n\tOrdinal0 [0x00A5444D+1066061]\n\tOrdinal0 [0x00AA5BBD+1399741]\n\tOrdinal0 [0x00A96813+1337363]\n\tOrdinal0 [0x00AA55CB+1398219]\n\tOrdinal0 [0x00A966DB+1337051]\n\tOrdinal0 [0x00A73427+1192999]\n\tOrdinal0 [0x00A742EE+1196782]\n\tOrdinal0 [0x00A74279+1196665]\n\tGetHandleVerifier [0x00D396FC+1590332]\n\tGetHandleVerifier [0x00DE8614+2306900]\n\tGetHandleVerifier [0x00C39E93+543699]\n\tGetHandleVerifier [0x00C392CE+540686]\n\tOrdinal0 [0x00B486BA+2066106]\n\tOrdinal0 [0x00B4D1C8+2085320]\n\tOrdinal0 [0x00B4D308+2085640]\n\tOrdinal0 [0x00B567F3+2123763]\n\tBaseThreadInitThunk [0x75546359+25]\n\tRtlGetAppContainerNamedObjectPath [0x77B487D4+228]\n\tRtlGetAppContainerNamedObjectPath [0x77B487A4+180]\n"}, "parameters": [{"name": "arg1", "value": "Element Should Be Visible"}, {"name": "arg2", "value": "${FeedbackButtonClick}"}], "start": 1649469500847, "stop": 1649469500848}, {"name": "BuiltIn.Log", "status": "failed", "statusDetails": {"message": "WebDriverException: Message: unknown error: net::ERR_NAME_NOT_RESOLVED\n  (Session info: chrome=90.0.4430.72)\nStacktrace:\nBacktrace:\n\tOrdinal0 [0x00BAC013+2474003]\n\tOrdinal0 [0x00B429C1+2042305]\n\tOrdinal0 [0x00A52F68+1060712]\n\tOrdinal0 [0x00A4FD69+1047913]\n\tOrdinal0 [0x00A45F09+1007369]\n\tOrdinal0 [0x00A45C6F+1006703]\n\tOrdinal0 [0x00A44258+1000024]\n\tOrdinal0 [0x00A447E6+1001446]\n\tOrdinal0 [0x00A5444D+1066061]\n\tOrdinal0 [0x00AA5BBD+1399741]\n\tOrdinal0 [0x00A96813+1337363]\n\tOrdinal0 [0x00AA55CB+1398219]\n\tOrdinal0 [0x00A966DB+1337051]\n\tOrdinal0 [0x00A73427+1192999]\n\tOrdinal0 [0x00A742EE+1196782]\n\tOrdinal0 [0x00A74279+1196665]\n\tGetHandleVerifier [0x00D396FC+1590332]\n\tGetHandleVerifier [0x00DE8614+2306900]\n\tGetHandleVerifier [0x00C39E93+543699]\n\tGetHandleVerifier [0x00C392CE+540686]\n\tOrdinal0 [0x00B486BA+2066106]\n\tOrdinal0 [0x00B4D1C8+2085320]\n\tOrdinal0 [0x00B4D308+2085640]\n\tOrdinal0 [0x00B567F3+2123763]\n\tBaseThreadInitThunk [0x75546359+25]\n\tRtlGetAppContainerNamedObjectPath [0x77B487D4+228]\n\tRtlGetAppContainerNamedObjectPath [0x77B487A4+180]\n"}, "parameters": [{"name": "arg1", "value": "${Result}"}], "start": 1649469500849, "stop": 1649469500850}, {"name": "BuiltIn.Run Keyword If", "status": "failed", "statusDetails": {"message": "WebDriverException: Message: unknown error: net::ERR_NAME_NOT_RESOLVED\n  (Session info: chrome=90.0.4430.72)\nStacktrace:\nBacktrace:\n\tOrdinal0 [0x00BAC013+2474003]\n\tOrdinal0 [0x00B429C1+2042305]\n\tOrdinal0 [0x00A52F68+1060712]\n\tOrdinal0 [0x00A4FD69+1047913]\n\tOrdinal0 [0x00A45F09+1007369]\n\tOrdinal0 [0x00A45C6F+1006703]\n\tOrdinal0 [0x00A44258+1000024]\n\tOrdinal0 [0x00A447E6+1001446]\n\tOrdinal0 [0x00A5444D+1066061]\n\tOrdinal0 [0x00AA5BBD+1399741]\n\tOrdinal0 [0x00A96813+1337363]\n\tOrdinal0 [0x00AA55CB+1398219]\n\tOrdinal0 [0x00A966DB+1337051]\n\tOrdinal0 [0x00A73427+1192999]\n\tOrdinal0 [0x00A742EE+1196782]\n\tOrdinal0 [0x00A74279+1196665]\n\tGetHandleVerifier [0x00D396FC+1590332]\n\tGetHandleVerifier [0x00DE8614+2306900]\n\tGetHandleVerifier [0x00C39E93+543699]\n\tGetHandleVerifier [0x00C392CE+540686]\n\tOrdinal0 [0x00B486BA+2066106]\n\tOrdinal0 [0x00B4D1C8+2085320]\n\tOrdinal0 [0x00B4D308+2085640]\n\tOrdinal0 [0x00B567F3+2123763]\n\tBaseThreadInitThunk [0x75546359+25]\n\tRtlGetAppContainerNamedObjectPath [0x77B487D4+228]\n\tRtlGetAppContainerNamedObjectPath [0x77B487A4+180]\n"}, "parameters": [{"name": "arg1", "value": "'${Result}' == \"True\""}, {"name": "arg2", "value": "Keyword1"}, {"name": "arg3", "value": "${i}"}, {"name": "arg4", "value": "${val}"}, {"name": "arg5", "value": "ELSE"}, {"name": "arg6", "value": "Keyword2"}, {"name": "arg7", "value": "${i}"}, {"name": "arg8", "value": "${val}"}], "start": 1649469500850, "stop": 1649469500851}, {"name": "SeleniumLibrary.Wait Until Element Is Visible", "status": "failed", "statusDetails": {"message": "WebDriverException: Message: unknown error: net::ERR_NAME_NOT_RESOLVED\n  (Session info: chrome=90.0.4430.72)\nStacktrace:\nBacktrace:\n\tOrdinal0 [0x00BAC013+2474003]\n\tOrdinal0 [0x00B429C1+2042305]\n\tOrdinal0 [0x00A52F68+1060712]\n\tOrdinal0 [0x00A4FD69+1047913]\n\tOrdinal0 [0x00A45F09+1007369]\n\tOrdinal0 [0x00A45C6F+1006703]\n\tOrdinal0 [0x00A44258+1000024]\n\tOrdinal0 [0x00A447E6+1001446]\n\tOrdinal0 [0x00A5444D+1066061]\n\tOrdinal0 [0x00AA5BBD+1399741]\n\tOrdinal0 [0x00A96813+1337363]\n\tOrdinal0 [0x00AA55CB+1398219]\n\tOrdinal0 [0x00A966DB+1337051]\n\tOrdinal0 [0x00A73427+1192999]\n\tOrdinal0 [0x00A742EE+1196782]\n\tOrdinal0 [0x00A74279+1196665]\n\tGetHandleVerifier [0x00D396FC+1590332]\n\tGetHandleVerifier [0x00DE8614+2306900]\n\tGetHandleVerifier [0x00C39E93+543699]\n\tGetHandleVerifier [0x00C392CE+540686]\n\tOrdinal0 [0x00B486BA+2066106]\n\tOrdinal0 [0x00B4D1C8+2085320]\n\tOrdinal0 [0x00B4D308+2085640]\n\tOrdinal0 [0x00B567F3+2123763]\n\tBaseThreadInitThunk [0x75546359+25]\n\tRtlGetAppContainerNamedObjectPath [0x77B487D4+228]\n\tRtlGetAppContainerNamedObjectPath [0x77B487A4+180]\n"}, "parameters": [{"name": "arg1", "value": "${caseClickElement}"}, {"name": "arg2", "value": "${TimeoutSetup}"}], "start": 1649469500851, "stop": 1649469500851}, {"name": "SeleniumLibrary.Click Element", "status": "failed", "statusDetails": {"message": "WebDriverException: Message: unknown error: net::ERR_NAME_NOT_RESOLVED\n  (Session info: chrome=90.0.4430.72)\nStacktrace:\nBacktrace:\n\tOrdinal0 [0x00BAC013+2474003]\n\tOrdinal0 [0x00B429C1+2042305]\n\tOrdinal0 [0x00A52F68+1060712]\n\tOrdinal0 [0x00A4FD69+1047913]\n\tOrdinal0 [0x00A45F09+1007369]\n\tOrdinal0 [0x00A45C6F+1006703]\n\tOrdinal0 [0x00A44258+1000024]\n\tOrdinal0 [0x00A447E6+1001446]\n\tOrdinal0 [0x00A5444D+1066061]\n\tOrdinal0 [0x00AA5BBD+1399741]\n\tOrdinal0 [0x00A96813+1337363]\n\tOrdinal0 [0x00AA55CB+1398219]\n\tOrdinal0 [0x00A966DB+1337051]\n\tOrdinal0 [0x00A73427+1192999]\n\tOrdinal0 [0x00A742EE+1196782]\n\tOrdinal0 [0x00A74279+1196665]\n\tGetHandleVerifier [0x00D396FC+1590332]\n\tGetHandleVerifier [0x00DE8614+2306900]\n\tGetHandleVerifier [0x00C39E93+543699]\n\tGetHandleVerifier [0x00C392CE+540686]\n\tOrdinal0 [0x00B486BA+2066106]\n\tOrdinal0 [0x00B4D1C8+2085320]\n\tOrdinal0 [0x00B4D308+2085640]\n\tOrdinal0 [0x00B567F3+2123763]\n\tBaseThreadInitThunk [0x75546359+25]\n\tRtlGetAppContainerNamedObjectPath [0x77B487D4+228]\n\tRtlGetAppContainerNamedObjectPath [0x77B487A4+180]\n"}, "parameters": [{"name": "arg1", "value": "${caseClickElement}"}], "start": 1649469500851, "stop": 1649469500851}, {"name": "BuiltIn.Log", "status": "failed", "statusDetails": {"message": "WebDriverException: Message: unknown error: net::ERR_NAME_NOT_RESOLVED\n  (Session info: chrome=90.0.4430.72)\nStacktrace:\nBacktrace:\n\tOrdinal0 [0x00BAC013+2474003]\n\tOrdinal0 [0x00B429C1+2042305]\n\tOrdinal0 [0x00A52F68+1060712]\n\tOrdinal0 [0x00A4FD69+1047913]\n\tOrdinal0 [0x00A45F09+1007369]\n\tOrdinal0 [0x00A45C6F+1006703]\n\tOrdinal0 [0x00A44258+1000024]\n\tOrdinal0 [0x00A447E6+1001446]\n\tOrdinal0 [0x00A5444D+1066061]\n\tOrdinal0 [0x00AA5BBD+1399741]\n\tOrdinal0 [0x00A96813+1337363]\n\tOrdinal0 [0x00AA55CB+1398219]\n\tOrdinal0 [0x00A966DB+1337051]\n\tOrdinal0 [0x00A73427+1192999]\n\tOrdinal0 [0x00A742EE+1196782]\n\tOrdinal0 [0x00A74279+1196665]\n\tGetHandleVerifier [0x00D396FC+1590332]\n\tGetHandleVerifier [0x00DE8614+2306900]\n\tGetHandleVerifier [0x00C39E93+543699]\n\tGetHandleVerifier [0x00C392CE+540686]\n\tOrdinal0 [0x00B486BA+2066106]\n\tOrdinal0 [0x00B4D1C8+2085320]\n\tOrdinal0 [0x00B4D308+2085640]\n\tOrdinal0 [0x00B567F3+2123763]\n\tBaseThreadInitThunk [0x75546359+25]\n\tRtlGetAppContainerNamedObjectPath [0x77B487D4+228]\n\tRtlGetAppContainerNamedObjectPath [0x77B487A4+180]\n"}, "parameters": [{"name": "arg1", "value": "Case Id has been Initated in input"}], "start": 1649469500851, "stop": 1649469500851}, {"name": "SeleniumLibrary.Input Text", "status": "failed", "statusDetails": {"message": "WebDriverException: Message: unknown error: net::ERR_NAME_NOT_RESOLVED\n  (Session info: chrome=90.0.4430.72)\nStacktrace:\nBacktrace:\n\tOrdinal0 [0x00BAC013+2474003]\n\tOrdinal0 [0x00B429C1+2042305]\n\tOrdinal0 [0x00A52F68+1060712]\n\tOrdinal0 [0x00A4FD69+1047913]\n\tOrdinal0 [0x00A45F09+1007369]\n\tOrdinal0 [0x00A45C6F+1006703]\n\tOrdinal0 [0x00A44258+1000024]\n\tOrdinal0 [0x00A447E6+1001446]\n\tOrdinal0 [0x00A5444D+1066061]\n\tOrdinal0 [0x00AA5BBD+1399741]\n\tOrdinal0 [0x00A96813+1337363]\n\tOrdinal0 [0x00AA55CB+1398219]\n\tOrdinal0 [0x00A966DB+1337051]\n\tOrdinal0 [0x00A73427+1192999]\n\tOrdinal0 [0x00A742EE+1196782]\n\tOrdinal0 [0x00A74279+1196665]\n\tGetHandleVerifier [0x00D396FC+1590332]\n\tGetHandleVerifier [0x00DE8614+2306900]\n\tGetHandleVerifier [0x00C39E93+543699]\n\tGetHandleVerifier [0x00C392CE+540686]\n\tOrdinal0 [0x00B486BA+2066106]\n\tOrdinal0 [0x00B4D1C8+2085320]\n\tOrdinal0 [0x00B4D308+2085640]\n\tOrdinal0 [0x00B567F3+2123763]\n\tBaseThreadInitThunk [0x75546359+25]\n\tRtlGetAppContainerNamedObjectPath [0x77B487D4+228]\n\tRtlGetAppContainerNamedObjectPath [0x77B487A4+180]\n"}, "parameters": [{"name": "arg1", "value": "${caseIdInput}"}, {"name": "arg2", "value": "${val[${i}][\"caseid\"]}"}], "start": 1649469500851, "stop": 1649469500851}, {"name": "BuiltIn.Log", "status": "failed", "statusDetails": {"message": "WebDriverException: Message: unknown error: net::ERR_NAME_NOT_RESOLVED\n  (Session info: chrome=90.0.4430.72)\nStacktrace:\nBacktrace:\n\tOrdinal0 [0x00BAC013+2474003]\n\tOrdinal0 [0x00B429C1+2042305]\n\tOrdinal0 [0x00A52F68+1060712]\n\tOrdinal0 [0x00A4FD69+1047913]\n\tOrdinal0 [0x00A45F09+1007369]\n\tOrdinal0 [0x00A45C6F+1006703]\n\tOrdinal0 [0x00A44258+1000024]\n\tOrdinal0 [0x00A447E6+1001446]\n\tOrdinal0 [0x00A5444D+1066061]\n\tOrdinal0 [0x00AA5BBD+1399741]\n\tOrdinal0 [0x00A96813+1337363]\n\tOrdinal0 [0x00AA55CB+1398219]\n\tOrdinal0 [0x00A966DB+1337051]\n\tOrdinal0 [0x00A73427+1192999]\n\tOrdinal0 [0x00A742EE+1196782]\n\tOrdinal0 [0x00A74279+1196665]\n\tGetHandleVerifier [0x00D396FC+1590332]\n\tGetHandleVerifier [0x00DE8614+2306900]\n\tGetHandleVerifier [0x00C39E93+543699]\n\tGetHandleVerifier [0x00C392CE+540686]\n\tOrdinal0 [0x00B486BA+2066106]\n\tOrdinal0 [0x00B4D1C8+2085320]\n\tOrdinal0 [0x00B4D308+2085640]\n\tOrdinal0 [0x00B567F3+2123763]\n\tBaseThreadInitThunk [0x75546359+25]\n\tRtlGetAppContainerNamedObjectPath [0x77B487D4+228]\n\tRtlGetAppContainerNamedObjectPath [0x77B487A4+180]\n"}, "parameters": [{"name": "arg1", "value": "case Id is ${val[${i}][\"caseid\"]}"}], "start": 1649469500851, "stop": 1649469500856}, {"name": "SeleniumLibrary.Wait Until Element Is Visible", "status": "failed", "statusDetails": {"message": "WebDriverException: Message: unknown error: net::ERR_NAME_NOT_RESOLVED\n  (Session info: chrome=90.0.4430.72)\nStacktrace:\nBacktrace:\n\tOrdinal0 [0x00BAC013+2474003]\n\tOrdinal0 [0x00B429C1+2042305]\n\tOrdinal0 [0x00A52F68+1060712]\n\tOrdinal0 [0x00A4FD69+1047913]\n\tOrdinal0 [0x00A45F09+1007369]\n\tOrdinal0 [0x00A45C6F+1006703]\n\tOrdinal0 [0x00A44258+1000024]\n\tOrdinal0 [0x00A447E6+1001446]\n\tOrdinal0 [0x00A5444D+1066061]\n\tOrdinal0 [0x00AA5BBD+1399741]\n\tOrdinal0 [0x00A96813+1337363]\n\tOrdinal0 [0x00AA55CB+1398219]\n\tOrdinal0 [0x00A966DB+1337051]\n\tOrdinal0 [0x00A73427+1192999]\n\tOrdinal0 [0x00A742EE+1196782]\n\tOrdinal0 [0x00A74279+1196665]\n\tGetHandleVerifier [0x00D396FC+1590332]\n\tGetHandleVerifier [0x00DE8614+2306900]\n\tGetHandleVerifier [0x00C39E93+543699]\n\tGetHandleVerifier [0x00C392CE+540686]\n\tOrdinal0 [0x00B486BA+2066106]\n\tOrdinal0 [0x00B4D1C8+2085320]\n\tOrdinal0 [0x00B4D308+2085640]\n\tOrdinal0 [0x00B567F3+2123763]\n\tBaseThreadInitThunk [0x75546359+25]\n\tRtlGetAppContainerNamedObjectPath [0x77B487D4+228]\n\tRtlGetAppContainerNamedObjectPath [0x77B487A4+180]\n"}, "parameters": [{"name": "arg1", "value": "${caseClickButton}"}, {"name": "arg2", "value": "${TimeoutSetup}"}], "start": 1649469500856, "stop": 1649469500857}, {"name": "SeleniumLibrary.Click Button", "status": "failed", "statusDetails": {"message": "WebDriverException: Message: unknown error: net::ERR_NAME_NOT_RESOLVED\n  (Session info: chrome=90.0.4430.72)\nStacktrace:\nBacktrace:\n\tOrdinal0 [0x00BAC013+2474003]\n\tOrdinal0 [0x00B429C1+2042305]\n\tOrdinal0 [0x00A52F68+1060712]\n\tOrdinal0 [0x00A4FD69+1047913]\n\tOrdinal0 [0x00A45F09+1007369]\n\tOrdinal0 [0x00A45C6F+1006703]\n\tOrdinal0 [0x00A44258+1000024]\n\tOrdinal0 [0x00A447E6+1001446]\n\tOrdinal0 [0x00A5444D+1066061]\n\tOrdinal0 [0x00AA5BBD+1399741]\n\tOrdinal0 [0x00A96813+1337363]\n\tOrdinal0 [0x00AA55CB+1398219]\n\tOrdinal0 [0x00A966DB+1337051]\n\tOrdinal0 [0x00A73427+1192999]\n\tOrdinal0 [0x00A742EE+1196782]\n\tOrdinal0 [0x00A74279+1196665]\n\tGetHandleVerifier [0x00D396FC+1590332]\n\tGetHandleVerifier [0x00DE8614+2306900]\n\tGetHandleVerifier [0x00C39E93+543699]\n\tGetHandleVerifier [0x00C392CE+540686]\n\tOrdinal0 [0x00B486BA+2066106]\n\tOrdinal0 [0x00B4D1C8+2085320]\n\tOrdinal0 [0x00B4D308+2085640]\n\tOrdinal0 [0x00B567F3+2123763]\n\tBaseThreadInitThunk [0x75546359+25]\n\tRtlGetAppContainerNamedObjectPath [0x77B487D4+228]\n\tRtlGetAppContainerNamedObjectPath [0x77B487A4+180]\n"}, "parameters": [{"name": "arg1", "value": "${caseClickButton}"}], "start": 1649469500857, "stop": 1649469500858}, {"name": "BuiltIn.Log", "status": "failed", "statusDetails": {"message": "WebDriverException: Message: unknown error: net::ERR_NAME_NOT_RESOLVED\n  (Session info: chrome=90.0.4430.72)\nStacktrace:\nBacktrace:\n\tOrdinal0 [0x00BAC013+2474003]\n\tOrdinal0 [0x00B429C1+2042305]\n\tOrdinal0 [0x00A52F68+1060712]\n\tOrdinal0 [0x00A4FD69+1047913]\n\tOrdinal0 [0x00A45F09+1007369]\n\tOrdinal0 [0x00A45C6F+1006703]\n\tOrdinal0 [0x00A44258+1000024]\n\tOrdinal0 [0x00A447E6+1001446]\n\tOrdinal0 [0x00A5444D+1066061]\n\tOrdinal0 [0x00AA5BBD+1399741]\n\tOrdinal0 [0x00A96813+1337363]\n\tOrdinal0 [0x00AA55CB+1398219]\n\tOrdinal0 [0x00A966DB+1337051]\n\tOrdinal0 [0x00A73427+1192999]\n\tOrdinal0 [0x00A742EE+1196782]\n\tOrdinal0 [0x00A74279+1196665]\n\tGetHandleVerifier [0x00D396FC+1590332]\n\tGetHandleVerifier [0x00DE8614+2306900]\n\tGetHandleVerifier [0x00C39E93+543699]\n\tGetHandleVerifier [0x00C392CE+540686]\n\tOrdinal0 [0x00B486BA+2066106]\n\tOrdinal0 [0x00B4D1C8+2085320]\n\tOrdinal0 [0x00B4D308+2085640]\n\tOrdinal0 [0x00B567F3+2123763]\n\tBaseThreadInitThunk [0x75546359+25]\n\tRtlGetAppContainerNamedObjectPath [0x77B487D4+228]\n\tRtlGetAppContainerNamedObjectPath [0x77B487A4+180]\n"}, "parameters": [{"name": "arg1", "value": "Case Id input added done and clicked to proceed"}], "start": 1649469500859, "stop": 1649469500859}, {"name": "SeleniumLibrary.Wait Until Element Is Visible", "status": "failed", "statusDetails": {"message": "WebDriverException: Message: unknown error: net::ERR_NAME_NOT_RESOLVED\n  (Session info: chrome=90.0.4430.72)\nStacktrace:\nBacktrace:\n\tOrdinal0 [0x00BAC013+2474003]\n\tOrdinal0 [0x00B429C1+2042305]\n\tOrdinal0 [0x00A52F68+1060712]\n\tOrdinal0 [0x00A4FD69+1047913]\n\tOrdinal0 [0x00A45F09+1007369]\n\tOrdinal0 [0x00A45C6F+1006703]\n\tOrdinal0 [0x00A44258+1000024]\n\tOrdinal0 [0x00A447E6+1001446]\n\tOrdinal0 [0x00A5444D+1066061]\n\tOrdinal0 [0x00AA5BBD+1399741]\n\tOrdinal0 [0x00A96813+1337363]\n\tOrdinal0 [0x00AA55CB+1398219]\n\tOrdinal0 [0x00A966DB+1337051]\n\tOrdinal0 [0x00A73427+1192999]\n\tOrdinal0 [0x00A742EE+1196782]\n\tOrdinal0 [0x00A74279+1196665]\n\tGetHandleVerifier [0x00D396FC+1590332]\n\tGetHandleVerifier [0x00DE8614+2306900]\n\tGetHandleVerifier [0x00C39E93+543699]\n\tGetHandleVerifier [0x00C392CE+540686]\n\tOrdinal0 [0x00B486BA+2066106]\n\tOrdinal0 [0x00B4D1C8+2085320]\n\tOrdinal0 [0x00B4D308+2085640]\n\tOrdinal0 [0x00B567F3+2123763]\n\tBaseThreadInitThunk [0x75546359+25]\n\tRtlGetAppContainerNamedObjectPath [0x77B487D4+228]\n\tRtlGetAppContainerNamedObjectPath [0x77B487A4+180]\n"}, "parameters": [{"name": "arg1", "value": "${groupRadioButtonClick}"}, {"name": "arg2", "value": "${TimeoutSetup}"}], "start": 1649469500860, "stop": 1649469500860}, {"name": "BuiltIn.Sleep", "status": "failed", "statusDetails": {"message": "WebDriverException: Message: unknown error: net::ERR_NAME_NOT_RESOLVED\n  (Session info: chrome=90.0.4430.72)\nStacktrace:\nBacktrace:\n\tOrdinal0 [0x00BAC013+2474003]\n\tOrdinal0 [0x00B429C1+2042305]\n\tOrdinal0 [0x00A52F68+1060712]\n\tOrdinal0 [0x00A4FD69+1047913]\n\tOrdinal0 [0x00A45F09+1007369]\n\tOrdinal0 [0x00A45C6F+1006703]\n\tOrdinal0 [0x00A44258+1000024]\n\tOrdinal0 [0x00A447E6+1001446]\n\tOrdinal0 [0x00A5444D+1066061]\n\tOrdinal0 [0x00AA5BBD+1399741]\n\tOrdinal0 [0x00A96813+1337363]\n\tOrdinal0 [0x00AA55CB+1398219]\n\tOrdinal0 [0x00A966DB+1337051]\n\tOrdinal0 [0x00A73427+1192999]\n\tOrdinal0 [0x00A742EE+1196782]\n\tOrdinal0 [0x00A74279+1196665]\n\tGetHandleVerifier [0x00D396FC+1590332]\n\tGetHandleVerifier [0x00DE8614+2306900]\n\tGetHandleVerifier [0x00C39E93+543699]\n\tGetHandleVerifier [0x00C392CE+540686]\n\tOrdinal0 [0x00B486BA+2066106]\n\tOrdinal0 [0x00B4D1C8+2085320]\n\tOrdinal0 [0x00B4D308+2085640]\n\tOrdinal0 [0x00B567F3+2123763]\n\tBaseThreadInitThunk [0x75546359+25]\n\tRtlGetAppContainerNamedObjectPath [0x77B487D4+228]\n\tRtlGetAppContainerNamedObjectPath [0x77B487A4+180]\n"}, "parameters": [{"name": "arg1", "value": "3s"}], "start": 1649469500861, "stop": 1649469500861}, {"name": "BuiltIn.Log", "status": "failed", "statusDetails": {"message": "WebDriverException: Message: unknown error: net::ERR_NAME_NOT_RESOLVED\n  (Session info: chrome=90.0.4430.72)\nStacktrace:\nBacktrace:\n\tOrdinal0 [0x00BAC013+2474003]\n\tOrdinal0 [0x00B429C1+2042305]\n\tOrdinal0 [0x00A52F68+1060712]\n\tOrdinal0 [0x00A4FD69+1047913]\n\tOrdinal0 [0x00A45F09+1007369]\n\tOrdinal0 [0x00A45C6F+1006703]\n\tOrdinal0 [0x00A44258+1000024]\n\tOrdinal0 [0x00A447E6+1001446]\n\tOrdinal0 [0x00A5444D+1066061]\n\tOrdinal0 [0x00AA5BBD+1399741]\n\tOrdinal0 [0x00A96813+1337363]\n\tOrdinal0 [0x00AA55CB+1398219]\n\tOrdinal0 [0x00A966DB+1337051]\n\tOrdinal0 [0x00A73427+1192999]\n\tOrdinal0 [0x00A742EE+1196782]\n\tOrdinal0 [0x00A74279+1196665]\n\tGetHandleVerifier [0x00D396FC+1590332]\n\tGetHandleVerifier [0x00DE8614+2306900]\n\tGetHandleVerifier [0x00C39E93+543699]\n\tGetHandleVerifier [0x00C392CE+540686]\n\tOrdinal0 [0x00B486BA+2066106]\n\tOrdinal0 [0x00B4D1C8+2085320]\n\tOrdinal0 [0x00B4D308+2085640]\n\tOrdinal0 [0x00B567F3+2123763]\n\tBaseThreadInitThunk [0x75546359+25]\n\tRtlGetAppContainerNamedObjectPath [0x77B487D4+228]\n\tRtlGetAppContainerNamedObjectPath [0x77B487A4+180]\n"}, "parameters": [{"name": "arg1", "value": "Group Radio button is able to see but next will happen in next step"}], "start": 1649469500861, "stop": 1649469500861}, {"name": "SeleniumLibrary.Click Element", "status": "failed", "statusDetails": {"message": "WebDriverException: Message: unknown error: net::ERR_NAME_NOT_RESOLVED\n  (Session info: chrome=90.0.4430.72)\nStacktrace:\nBacktrace:\n\tOrdinal0 [0x00BAC013+2474003]\n\tOrdinal0 [0x00B429C1+2042305]\n\tOrdinal0 [0x00A52F68+1060712]\n\tOrdinal0 [0x00A4FD69+1047913]\n\tOrdinal0 [0x00A45F09+1007369]\n\tOrdinal0 [0x00A45C6F+1006703]\n\tOrdinal0 [0x00A44258+1000024]\n\tOrdinal0 [0x00A447E6+1001446]\n\tOrdinal0 [0x00A5444D+1066061]\n\tOrdinal0 [0x00AA5BBD+1399741]\n\tOrdinal0 [0x00A96813+1337363]\n\tOrdinal0 [0x00AA55CB+1398219]\n\tOrdinal0 [0x00A966DB+1337051]\n\tOrdinal0 [0x00A73427+1192999]\n\tOrdinal0 [0x00A742EE+1196782]\n\tOrdinal0 [0x00A74279+1196665]\n\tGetHandleVerifier [0x00D396FC+1590332]\n\tGetHandleVerifier [0x00DE8614+2306900]\n\tGetHandleVerifier [0x00C39E93+543699]\n\tGetHandleVerifier [0x00C392CE+540686]\n\tOrdinal0 [0x00B486BA+2066106]\n\tOrdinal0 [0x00B4D1C8+2085320]\n\tOrdinal0 [0x00B4D308+2085640]\n\tOrdinal0 [0x00B567F3+2123763]\n\tBaseThreadInitThunk [0x75546359+25]\n\tRtlGetAppContainerNamedObjectPath [0x77B487D4+228]\n\tRtlGetAppContainerNamedObjectPath [0x77B487A4+180]\n"}, "parameters": [{"name": "arg1", "value": "//div[contains(text(),'${val[${i}][\"group\"]}')]"}], "start": 1649469500863, "stop": 1649469500864}, {"name": "BuiltIn.Log", "status": "failed", "statusDetails": {"message": "WebDriverException: Message: unknown error: net::ERR_NAME_NOT_RESOLVED\n  (Session info: chrome=90.0.4430.72)\nStacktrace:\nBacktrace:\n\tOrdinal0 [0x00BAC013+2474003]\n\tOrdinal0 [0x00B429C1+2042305]\n\tOrdinal0 [0x00A52F68+1060712]\n\tOrdinal0 [0x00A4FD69+1047913]\n\tOrdinal0 [0x00A45F09+1007369]\n\tOrdinal0 [0x00A45C6F+1006703]\n\tOrdinal0 [0x00A44258+1000024]\n\tOrdinal0 [0x00A447E6+1001446]\n\tOrdinal0 [0x00A5444D+1066061]\n\tOrdinal0 [0x00AA5BBD+1399741]\n\tOrdinal0 [0x00A96813+1337363]\n\tOrdinal0 [0x00AA55CB+1398219]\n\tOrdinal0 [0x00A966DB+1337051]\n\tOrdinal0 [0x00A73427+1192999]\n\tOrdinal0 [0x00A742EE+1196782]\n\tOrdinal0 [0x00A74279+1196665]\n\tGetHandleVerifier [0x00D396FC+1590332]\n\tGetHandleVerifier [0x00DE8614+2306900]\n\tGetHandleVerifier [0x00C39E93+543699]\n\tGetHandleVerifier [0x00C392CE+540686]\n\tOrdinal0 [0x00B486BA+2066106]\n\tOrdinal0 [0x00B4D1C8+2085320]\n\tOrdinal0 [0x00B4D308+2085640]\n\tOrdinal0 [0x00B567F3+2123763]\n\tBaseThreadInitThunk [0x75546359+25]\n\tRtlGetAppContainerNamedObjectPath [0x77B487D4+228]\n\tRtlGetAppContainerNamedObjectPath [0x77B487A4+180]\n"}, "parameters": [{"name": "arg1", "value": "Group for this log is ${val[${i}][\"group\"]}"}], "start": 1649469500864, "stop": 1649469500864}, {"name": "BuiltIn.Sleep", "status": "failed", "statusDetails": {"message": "WebDriverException: Message: unknown error: net::ERR_NAME_NOT_RESOLVED\n  (Session info: chrome=90.0.4430.72)\nStacktrace:\nBacktrace:\n\tOrdinal0 [0x00BAC013+2474003]\n\tOrdinal0 [0x00B429C1+2042305]\n\tOrdinal0 [0x00A52F68+1060712]\n\tOrdinal0 [0x00A4FD69+1047913]\n\tOrdinal0 [0x00A45F09+1007369]\n\tOrdinal0 [0x00A45C6F+1006703]\n\tOrdinal0 [0x00A44258+1000024]\n\tOrdinal0 [0x00A447E6+1001446]\n\tOrdinal0 [0x00A5444D+1066061]\n\tOrdinal0 [0x00AA5BBD+1399741]\n\tOrdinal0 [0x00A96813+1337363]\n\tOrdinal0 [0x00AA55CB+1398219]\n\tOrdinal0 [0x00A966DB+1337051]\n\tOrdinal0 [0x00A73427+1192999]\n\tOrdinal0 [0x00A742EE+1196782]\n\tOrdinal0 [0x00A74279+1196665]\n\tGetHandleVerifier [0x00D396FC+1590332]\n\tGetHandleVerifier [0x00DE8614+2306900]\n\tGetHandleVerifier [0x00C39E93+543699]\n\tGetHandleVerifier [0x00C392CE+540686]\n\tOrdinal0 [0x00B486BA+2066106]\n\tOrdinal0 [0x00B4D1C8+2085320]\n\tOrdinal0 [0x00B4D308+2085640]\n\tOrdinal0 [0x00B567F3+2123763]\n\tBaseThreadInitThunk [0x75546359+25]\n\tRtlGetAppContainerNamedObjectPath [0x77B487D4+228]\n\tRtlGetAppContainerNamedObjectPath [0x77B487A4+180]\n"}, "parameters": [{"name": "arg1", "value": "1s"}], "start": 1649469500865, "stop": 1649469500865}, {"name": "SeleniumLibrary.Click Button", "status": "failed", "statusDetails": {"message": "WebDriverException: Message: unknown error: net::ERR_NAME_NOT_RESOLVED\n  (Session info: chrome=90.0.4430.72)\nStacktrace:\nBacktrace:\n\tOrdinal0 [0x00BAC013+2474003]\n\tOrdinal0 [0x00B429C1+2042305]\n\tOrdinal0 [0x00A52F68+1060712]\n\tOrdinal0 [0x00A4FD69+1047913]\n\tOrdinal0 [0x00A45F09+1007369]\n\tOrdinal0 [0x00A45C6F+1006703]\n\tOrdinal0 [0x00A44258+1000024]\n\tOrdinal0 [0x00A447E6+1001446]\n\tOrdinal0 [0x00A5444D+1066061]\n\tOrdinal0 [0x00AA5BBD+1399741]\n\tOrdinal0 [0x00A96813+1337363]\n\tOrdinal0 [0x00AA55CB+1398219]\n\tOrdinal0 [0x00A966DB+1337051]\n\tOrdinal0 [0x00A73427+1192999]\n\tOrdinal0 [0x00A742EE+1196782]\n\tOrdinal0 [0x00A74279+1196665]\n\tGetHandleVerifier [0x00D396FC+1590332]\n\tGetHandleVerifier [0x00DE8614+2306900]\n\tGetHandleVerifier [0x00C39E93+543699]\n\tGetHandleVerifier [0x00C392CE+540686]\n\tOrdinal0 [0x00B486BA+2066106]\n\tOrdinal0 [0x00B4D1C8+2085320]\n\tOrdinal0 [0x00B4D308+2085640]\n\tOrdinal0 [0x00B567F3+2123763]\n\tBaseThreadInitThunk [0x75546359+25]\n\tRtlGetAppContainerNamedObjectPath [0x77B487D4+228]\n\tRtlGetAppContainerNamedObjectPath [0x77B487A4+180]\n"}, "parameters": [{"name": "arg1", "value": "${groupRadioButtonContinueClick}"}], "start": 1649469500866, "stop": 1649469500866}, {"name": "BuiltIn.Log", "status": "failed", "statusDetails": {"message": "WebDriverException: Message: unknown error: net::ERR_NAME_NOT_RESOLVED\n  (Session info: chrome=90.0.4430.72)\nStacktrace:\nBacktrace:\n\tOrdinal0 [0x00BAC013+2474003]\n\tOrdinal0 [0x00B429C1+2042305]\n\tOrdinal0 [0x00A52F68+1060712]\n\tOrdinal0 [0x00A4FD69+1047913]\n\tOrdinal0 [0x00A45F09+1007369]\n\tOrdinal0 [0x00A45C6F+1006703]\n\tOrdinal0 [0x00A44258+1000024]\n\tOrdinal0 [0x00A447E6+1001446]\n\tOrdinal0 [0x00A5444D+1066061]\n\tOrdinal0 [0x00AA5BBD+1399741]\n\tOrdinal0 [0x00A96813+1337363]\n\tOrdinal0 [0x00AA55CB+1398219]\n\tOrdinal0 [0x00A966DB+1337051]\n\tOrdinal0 [0x00A73427+1192999]\n\tOrdinal0 [0x00A742EE+1196782]\n\tOrdinal0 [0x00A74279+1196665]\n\tGetHandleVerifier [0x00D396FC+1590332]\n\tGetHandleVerifier [0x00DE8614+2306900]\n\tGetHandleVerifier [0x00C39E93+543699]\n\tGetHandleVerifier [0x00C392CE+540686]\n\tOrdinal0 [0x00B486BA+2066106]\n\tOrdinal0 [0x00B4D1C8+2085320]\n\tOrdinal0 [0x00B4D308+2085640]\n\tOrdinal0 [0x00B567F3+2123763]\n\tBaseThreadInitThunk [0x75546359+25]\n\tRtlGetAppContainerNamedObjectPath [0x77B487D4+228]\n\tRtlGetAppContainerNamedObjectPath [0x77B487A4+180]\n"}, "parameters": [{"name": "arg1", "value": "Group has been submitted"}], "start": 1649469500866, "stop": 1649469500866}, {"name": "SeleniumLibrary.Wait Until Element Is Visible", "status": "failed", "statusDetails": {"message": "WebDriverException: Message: unknown error: net::ERR_NAME_NOT_RESOLVED\n  (Session info: chrome=90.0.4430.72)\nStacktrace:\nBacktrace:\n\tOrdinal0 [0x00BAC013+2474003]\n\tOrdinal0 [0x00B429C1+2042305]\n\tOrdinal0 [0x00A52F68+1060712]\n\tOrdinal0 [0x00A4FD69+1047913]\n\tOrdinal0 [0x00A45F09+1007369]\n\tOrdinal0 [0x00A45C6F+1006703]\n\tOrdinal0 [0x00A44258+1000024]\n\tOrdinal0 [0x00A447E6+1001446]\n\tOrdinal0 [0x00A5444D+1066061]\n\tOrdinal0 [0x00AA5BBD+1399741]\n\tOrdinal0 [0x00A96813+1337363]\n\tOrdinal0 [0x00AA55CB+1398219]\n\tOrdinal0 [0x00A966DB+1337051]\n\tOrdinal0 [0x00A73427+1192999]\n\tOrdinal0 [0x00A742EE+1196782]\n\tOrdinal0 [0x00A74279+1196665]\n\tGetHandleVerifier [0x00D396FC+1590332]\n\tGetHandleVerifier [0x00DE8614+2306900]\n\tGetHandleVerifier [0x00C39E93+543699]\n\tGetHandleVerifier [0x00C392CE+540686]\n\tOrdinal0 [0x00B486BA+2066106]\n\tOrdinal0 [0x00B4D1C8+2085320]\n\tOrdinal0 [0x00B4D308+2085640]\n\tOrdinal0 [0x00B567F3+2123763]\n\tBaseThreadInitThunk [0x75546359+25]\n\tRtlGetAppContainerNamedObjectPath [0x77B487D4+228]\n\tRtlGetAppContainerNamedObjectPath [0x77B487A4+180]\n"}, "parameters": [{"name": "arg1", "value": "${radioButtonFlexiBscselect}"}, {"name": "arg2", "value": "${TimeoutSetup}"}], "start": 1649469500869, "stop": 1649469500870}, {"name": "BuiltIn.Log", "status": "failed", "statusDetails": {"message": "WebDriverException: Message: unknown error: net::ERR_NAME_NOT_RESOLVED\n  (Session info: chrome=90.0.4430.72)\nStacktrace:\nBacktrace:\n\tOrdinal0 [0x00BAC013+2474003]\n\tOrdinal0 [0x00B429C1+2042305]\n\tOrdinal0 [0x00A52F68+1060712]\n\tOrdinal0 [0x00A4FD69+1047913]\n\tOrdinal0 [0x00A45F09+1007369]\n\tOrdinal0 [0x00A45C6F+1006703]\n\tOrdinal0 [0x00A44258+1000024]\n\tOrdinal0 [0x00A447E6+1001446]\n\tOrdinal0 [0x00A5444D+1066061]\n\tOrdinal0 [0x00AA5BBD+1399741]\n\tOrdinal0 [0x00A96813+1337363]\n\tOrdinal0 [0x00AA55CB+1398219]\n\tOrdinal0 [0x00A966DB+1337051]\n\tOrdinal0 [0x00A73427+1192999]\n\tOrdinal0 [0x00A742EE+1196782]\n\tOrdinal0 [0x00A74279+1196665]\n\tGetHandleVerifier [0x00D396FC+1590332]\n\tGetHandleVerifier [0x00DE8614+2306900]\n\tGetHandleVerifier [0x00C39E93+543699]\n\tGetHandleVerifier [0x00C392CE+540686]\n\tOrdinal0 [0x00B486BA+2066106]\n\tOrdinal0 [0x00B4D1C8+2085320]\n\tOrdinal0 [0x00B4D308+2085640]\n\tOrdinal0 [0x00B567F3+2123763]\n\tBaseThreadInitThunk [0x75546359+25]\n\tRtlGetAppContainerNamedObjectPath [0x77B487D4+228]\n\tRtlGetAppContainerNamedObjectPath [0x77B487A4+180]\n"}, "parameters": [{"name": "arg1", "value": "product name is showing but next will happen in next step"}], "start": 1649469500871, "stop": 1649469500873}, {"name": "SeleniumLibrary.Click Element", "status": "failed", "statusDetails": {"message": "WebDriverException: Message: unknown error: net::ERR_NAME_NOT_RESOLVED\n  (Session info: chrome=90.0.4430.72)\nStacktrace:\nBacktrace:\n\tOrdinal0 [0x00BAC013+2474003]\n\tOrdinal0 [0x00B429C1+2042305]\n\tOrdinal0 [0x00A52F68+1060712]\n\tOrdinal0 [0x00A4FD69+1047913]\n\tOrdinal0 [0x00A45F09+1007369]\n\tOrdinal0 [0x00A45C6F+1006703]\n\tOrdinal0 [0x00A44258+1000024]\n\tOrdinal0 [0x00A447E6+1001446]\n\tOrdinal0 [0x00A5444D+1066061]\n\tOrdinal0 [0x00AA5BBD+1399741]\n\tOrdinal0 [0x00A96813+1337363]\n\tOrdinal0 [0x00AA55CB+1398219]\n\tOrdinal0 [0x00A966DB+1337051]\n\tOrdinal0 [0x00A73427+1192999]\n\tOrdinal0 [0x00A742EE+1196782]\n\tOrdinal0 [0x00A74279+1196665]\n\tGetHandleVerifier [0x00D396FC+1590332]\n\tGetHandleVerifier [0x00DE8614+2306900]\n\tGetHandleVerifier [0x00C39E93+543699]\n\tGetHandleVerifier [0x00C392CE+540686]\n\tOrdinal0 [0x00B486BA+2066106]\n\tOrdinal0 [0x00B4D1C8+2085320]\n\tOrdinal0 [0x00B4D308+2085640]\n\tOrdinal0 [0x00B567F3+2123763]\n\tBaseThreadInitThunk [0x75546359+25]\n\tRtlGetAppContainerNamedObjectPath [0x77B487D4+228]\n\tRtlGetAppContainerNamedObjectPath [0x77B487A4+180]\n"}, "parameters": [{"name": "arg1", "value": "//div[contains(text(),'${val[${i}][\"productname\"]}')]"}], "start": 1649469500873, "stop": 1649469500874}, {"name": "BuiltIn.Log", "status": "failed", "statusDetails": {"message": "WebDriverException: Message: unknown error: net::ERR_NAME_NOT_RESOLVED\n  (Session info: chrome=90.0.4430.72)\nStacktrace:\nBacktrace:\n\tOrdinal0 [0x00BAC013+2474003]\n\tOrdinal0 [0x00B429C1+2042305]\n\tOrdinal0 [0x00A52F68+1060712]\n\tOrdinal0 [0x00A4FD69+1047913]\n\tOrdinal0 [0x00A45F09+1007369]\n\tOrdinal0 [0x00A45C6F+1006703]\n\tOrdinal0 [0x00A44258+1000024]\n\tOrdinal0 [0x00A447E6+1001446]\n\tOrdinal0 [0x00A5444D+1066061]\n\tOrdinal0 [0x00AA5BBD+1399741]\n\tOrdinal0 [0x00A96813+1337363]\n\tOrdinal0 [0x00AA55CB+1398219]\n\tOrdinal0 [0x00A966DB+1337051]\n\tOrdinal0 [0x00A73427+1192999]\n\tOrdinal0 [0x00A742EE+1196782]\n\tOrdinal0 [0x00A74279+1196665]\n\tGetHandleVerifier [0x00D396FC+1590332]\n\tGetHandleVerifier [0x00DE8614+2306900]\n\tGetHandleVerifier [0x00C39E93+543699]\n\tGetHandleVerifier [0x00C392CE+540686]\n\tOrdinal0 [0x00B486BA+2066106]\n\tOrdinal0 [0x00B4D1C8+2085320]\n\tOrdinal0 [0x00B4D308+2085640]\n\tOrdinal0 [0x00B567F3+2123763]\n\tBaseThreadInitThunk [0x75546359+25]\n\tRtlGetAppContainerNamedObjectPath [0x77B487D4+228]\n\tRtlGetAppContainerNamedObjectPath [0x77B487A4+180]\n"}, "parameters": [{"name": "arg1", "value": "Product name is ${val[${i}][\"productname\"]}"}], "start": 1649469500874, "stop": 1649469500875}, {"name": "SeleniumLibrary.Wait Until Element Is Visible", "status": "failed", "statusDetails": {"message": "WebDriverException: Message: unknown error: net::ERR_NAME_NOT_RESOLVED\n  (Session info: chrome=90.0.4430.72)\nStacktrace:\nBacktrace:\n\tOrdinal0 [0x00BAC013+2474003]\n\tOrdinal0 [0x00B429C1+2042305]\n\tOrdinal0 [0x00A52F68+1060712]\n\tOrdinal0 [0x00A4FD69+1047913]\n\tOrdinal0 [0x00A45F09+1007369]\n\tOrdinal0 [0x00A45C6F+1006703]\n\tOrdinal0 [0x00A44258+1000024]\n\tOrdinal0 [0x00A447E6+1001446]\n\tOrdinal0 [0x00A5444D+1066061]\n\tOrdinal0 [0x00AA5BBD+1399741]\n\tOrdinal0 [0x00A96813+1337363]\n\tOrdinal0 [0x00AA55CB+1398219]\n\tOrdinal0 [0x00A966DB+1337051]\n\tOrdinal0 [0x00A73427+1192999]\n\tOrdinal0 [0x00A742EE+1196782]\n\tOrdinal0 [0x00A74279+1196665]\n\tGetHandleVerifier [0x00D396FC+1590332]\n\tGetHandleVerifier [0x00DE8614+2306900]\n\tGetHandleVerifier [0x00C39E93+543699]\n\tGetHandleVerifier [0x00C392CE+540686]\n\tOrdinal0 [0x00B486BA+2066106]\n\tOrdinal0 [0x00B4D1C8+2085320]\n\tOrdinal0 [0x00B4D308+2085640]\n\tOrdinal0 [0x00B567F3+2123763]\n\tBaseThreadInitThunk [0x75546359+25]\n\tRtlGetAppContainerNamedObjectPath [0x77B487D4+228]\n\tRtlGetAppContainerNamedObjectPath [0x77B487A4+180]\n"}, "parameters": [{"name": "arg1", "value": "${skipandrulebuttonclick}"}, {"name": "arg2", "value": "${TimeoutSetup}"}], "start": 1649469500875, "stop": 1649469500877}, {"name": "BuiltIn.Sleep", "status": "failed", "statusDetails": {"message": "WebDriverException: Message: unknown error: net::ERR_NAME_NOT_RESOLVED\n  (Session info: chrome=90.0.4430.72)\nStacktrace:\nBacktrace:\n\tOrdinal0 [0x00BAC013+2474003]\n\tOrdinal0 [0x00B429C1+2042305]\n\tOrdinal0 [0x00A52F68+1060712]\n\tOrdinal0 [0x00A4FD69+1047913]\n\tOrdinal0 [0x00A45F09+1007369]\n\tOrdinal0 [0x00A45C6F+1006703]\n\tOrdinal0 [0x00A44258+1000024]\n\tOrdinal0 [0x00A447E6+1001446]\n\tOrdinal0 [0x00A5444D+1066061]\n\tOrdinal0 [0x00AA5BBD+1399741]\n\tOrdinal0 [0x00A96813+1337363]\n\tOrdinal0 [0x00AA55CB+1398219]\n\tOrdinal0 [0x00A966DB+1337051]\n\tOrdinal0 [0x00A73427+1192999]\n\tOrdinal0 [0x00A742EE+1196782]\n\tOrdinal0 [0x00A74279+1196665]\n\tGetHandleVerifier [0x00D396FC+1590332]\n\tGetHandleVerifier [0x00DE8614+2306900]\n\tGetHandleVerifier [0x00C39E93+543699]\n\tGetHandleVerifier [0x00C392CE+540686]\n\tOrdinal0 [0x00B486BA+2066106]\n\tOrdinal0 [0x00B4D1C8+2085320]\n\tOrdinal0 [0x00B4D308+2085640]\n\tOrdinal0 [0x00B567F3+2123763]\n\tBaseThreadInitThunk [0x75546359+25]\n\tRtlGetAppContainerNamedObjectPath [0x77B487D4+228]\n\tRtlGetAppContainerNamedObjectPath [0x77B487A4+180]\n"}, "parameters": [{"name": "arg1", "value": "4s"}], "start": 1649469500877, "stop": 1649469500878}, {"name": "SeleniumLibrary.Click Button", "status": "failed", "statusDetails": {"message": "WebDriverException: Message: unknown error: net::ERR_NAME_NOT_RESOLVED\n  (Session info: chrome=90.0.4430.72)\nStacktrace:\nBacktrace:\n\tOrdinal0 [0x00BAC013+2474003]\n\tOrdinal0 [0x00B429C1+2042305]\n\tOrdinal0 [0x00A52F68+1060712]\n\tOrdinal0 [0x00A4FD69+1047913]\n\tOrdinal0 [0x00A45F09+1007369]\n\tOrdinal0 [0x00A45C6F+1006703]\n\tOrdinal0 [0x00A44258+1000024]\n\tOrdinal0 [0x00A447E6+1001446]\n\tOrdinal0 [0x00A5444D+1066061]\n\tOrdinal0 [0x00AA5BBD+1399741]\n\tOrdinal0 [0x00A96813+1337363]\n\tOrdinal0 [0x00AA55CB+1398219]\n\tOrdinal0 [0x00A966DB+1337051]\n\tOrdinal0 [0x00A73427+1192999]\n\tOrdinal0 [0x00A742EE+1196782]\n\tOrdinal0 [0x00A74279+1196665]\n\tGetHandleVerifier [0x00D396FC+1590332]\n\tGetHandleVerifier [0x00DE8614+2306900]\n\tGetHandleVerifier [0x00C39E93+543699]\n\tGetHandleVerifier [0x00C392CE+540686]\n\tOrdinal0 [0x00B486BA+2066106]\n\tOrdinal0 [0x00B4D1C8+2085320]\n\tOrdinal0 [0x00B4D308+2085640]\n\tOrdinal0 [0x00B567F3+2123763]\n\tBaseThreadInitThunk [0x75546359+25]\n\tRtlGetAppContainerNamedObjectPath [0x77B487D4+228]\n\tRtlGetAppContainerNamedObjectPath [0x77B487A4+180]\n"}, "parameters": [{"name": "arg1", "value": "${skipandrulebuttonclick}"}], "start": 1649469500879, "stop": 1649469500879}, {"name": "BuiltIn.Log", "status": "failed", "statusDetails": {"message": "WebDriverException: Message: unknown error: net::ERR_NAME_NOT_RESOLVED\n  (Session info: chrome=90.0.4430.72)\nStacktrace:\nBacktrace:\n\tOrdinal0 [0x00BAC013+2474003]\n\tOrdinal0 [0x00B429C1+2042305]\n\tOrdinal0 [0x00A52F68+1060712]\n\tOrdinal0 [0x00A4FD69+1047913]\n\tOrdinal0 [0x00A45F09+1007369]\n\tOrdinal0 [0x00A45C6F+1006703]\n\tOrdinal0 [0x00A44258+1000024]\n\tOrdinal0 [0x00A447E6+1001446]\n\tOrdinal0 [0x00A5444D+1066061]\n\tOrdinal0 [0x00AA5BBD+1399741]\n\tOrdinal0 [0x00A96813+1337363]\n\tOrdinal0 [0x00AA55CB+1398219]\n\tOrdinal0 [0x00A966DB+1337051]\n\tOrdinal0 [0x00A73427+1192999]\n\tOrdinal0 [0x00A742EE+1196782]\n\tOrdinal0 [0x00A74279+1196665]\n\tGetHandleVerifier [0x00D396FC+1590332]\n\tGetHandleVerifier [0x00DE8614+2306900]\n\tGetHandleVerifier [0x00C39E93+543699]\n\tGetHandleVerifier [0x00C392CE+540686]\n\tOrdinal0 [0x00B486BA+2066106]\n\tOrdinal0 [0x00B4D1C8+2085320]\n\tOrdinal0 [0x00B4D308+2085640]\n\tOrdinal0 [0x00B567F3+2123763]\n\tBaseThreadInitThunk [0x75546359+25]\n\tRtlGetAppContainerNamedObjectPath [0x77B487D4+228]\n\tRtlGetAppContainerNamedObjectPath [0x77B487A4+180]\n"}, "parameters": [{"name": "arg1", "value": "click the Skip and Run Rules button"}], "start": 1649469500879, "stop": 1649469500879}, {"name": "SeleniumLibrary.Wait Until Element Is Visible", "status": "failed", "statusDetails": {"message": "WebDriverException: Message: unknown error: net::ERR_NAME_NOT_RESOLVED\n  (Session info: chrome=90.0.4430.72)\nStacktrace:\nBacktrace:\n\tOrdinal0 [0x00BAC013+2474003]\n\tOrdinal0 [0x00B429C1+2042305]\n\tOrdinal0 [0x00A52F68+1060712]\n\tOrdinal0 [0x00A4FD69+1047913]\n\tOrdinal0 [0x00A45F09+1007369]\n\tOrdinal0 [0x00A45C6F+1006703]\n\tOrdinal0 [0x00A44258+1000024]\n\tOrdinal0 [0x00A447E6+1001446]\n\tOrdinal0 [0x00A5444D+1066061]\n\tOrdinal0 [0x00AA5BBD+1399741]\n\tOrdinal0 [0x00A96813+1337363]\n\tOrdinal0 [0x00AA55CB+1398219]\n\tOrdinal0 [0x00A966DB+1337051]\n\tOrdinal0 [0x00A73427+1192999]\n\tOrdinal0 [0x00A742EE+1196782]\n\tOrdinal0 [0x00A74279+1196665]\n\tGetHandleVerifier [0x00D396FC+1590332]\n\tGetHandleVerifier [0x00DE8614+2306900]\n\tGetHandleVerifier [0x00C39E93+543699]\n\tGetHandleVerifier [0x00C392CE+540686]\n\tOrdinal0 [0x00B486BA+2066106]\n\tOrdinal0 [0x00B4D1C8+2085320]\n\tOrdinal0 [0x00B4D308+2085640]\n\tOrdinal0 [0x00B567F3+2123763]\n\tBaseThreadInitThunk [0x75546359+25]\n\tRtlGetAppContainerNamedObjectPath [0x77B487D4+228]\n\tRtlGetAppContainerNamedObjectPath [0x77B487A4+180]\n"}, "parameters": [{"name": "arg1", "value": "${newTagnameenter}"}, {"name": "arg2", "value": "${TimeoutSetup}"}], "start": 1649469500879, "stop": 1649469500879}, {"name": "BuiltIn.Sleep", "status": "failed", "statusDetails": {"message": "WebDriverException: Message: unknown error: net::ERR_NAME_NOT_RESOLVED\n  (Session info: chrome=90.0.4430.72)\nStacktrace:\nBacktrace:\n\tOrdinal0 [0x00BAC013+2474003]\n\tOrdinal0 [0x00B429C1+2042305]\n\tOrdinal0 [0x00A52F68+1060712]\n\tOrdinal0 [0x00A4FD69+1047913]\n\tOrdinal0 [0x00A45F09+1007369]\n\tOrdinal0 [0x00A45C6F+1006703]\n\tOrdinal0 [0x00A44258+1000024]\n\tOrdinal0 [0x00A447E6+1001446]\n\tOrdinal0 [0x00A5444D+1066061]\n\tOrdinal0 [0x00AA5BBD+1399741]\n\tOrdinal0 [0x00A96813+1337363]\n\tOrdinal0 [0x00AA55CB+1398219]\n\tOrdinal0 [0x00A966DB+1337051]\n\tOrdinal0 [0x00A73427+1192999]\n\tOrdinal0 [0x00A742EE+1196782]\n\tOrdinal0 [0x00A74279+1196665]\n\tGetHandleVerifier [0x00D396FC+1590332]\n\tGetHandleVerifier [0x00DE8614+2306900]\n\tGetHandleVerifier [0x00C39E93+543699]\n\tGetHandleVerifier [0x00C392CE+540686]\n\tOrdinal0 [0x00B486BA+2066106]\n\tOrdinal0 [0x00B4D1C8+2085320]\n\tOrdinal0 [0x00B4D308+2085640]\n\tOrdinal0 [0x00B567F3+2123763]\n\tBaseThreadInitThunk [0x75546359+25]\n\tRtlGetAppContainerNamedObjectPath [0x77B487D4+228]\n\tRtlGetAppContainerNamedObjectPath [0x77B487A4+180]\n"}, "parameters": [{"name": "arg1", "value": "5s"}], "start": 1649469500879, "stop": 1649469500884}, {"name": "SeleniumLibrary.Click Button", "status": "failed", "statusDetails": {"message": "WebDriverException: Message: unknown error: net::ERR_NAME_NOT_RESOLVED\n  (Session info: chrome=90.0.4430.72)\nStacktrace:\nBacktrace:\n\tOrdinal0 [0x00BAC013+2474003]\n\tOrdinal0 [0x00B429C1+2042305]\n\tOrdinal0 [0x00A52F68+1060712]\n\tOrdinal0 [0x00A4FD69+1047913]\n\tOrdinal0 [0x00A45F09+1007369]\n\tOrdinal0 [0x00A45C6F+1006703]\n\tOrdinal0 [0x00A44258+1000024]\n\tOrdinal0 [0x00A447E6+1001446]\n\tOrdinal0 [0x00A5444D+1066061]\n\tOrdinal0 [0x00AA5BBD+1399741]\n\tOrdinal0 [0x00A96813+1337363]\n\tOrdinal0 [0x00AA55CB+1398219]\n\tOrdinal0 [0x00A966DB+1337051]\n\tOrdinal0 [0x00A73427+1192999]\n\tOrdinal0 [0x00A742EE+1196782]\n\tOrdinal0 [0x00A74279+1196665]\n\tGetHandleVerifier [0x00D396FC+1590332]\n\tGetHandleVerifier [0x00DE8614+2306900]\n\tGetHandleVerifier [0x00C39E93+543699]\n\tGetHandleVerifier [0x00C392CE+540686]\n\tOrdinal0 [0x00B486BA+2066106]\n\tOrdinal0 [0x00B4D1C8+2085320]\n\tOrdinal0 [0x00B4D308+2085640]\n\tOrdinal0 [0x00B567F3+2123763]\n\tBaseThreadInitThunk [0x75546359+25]\n\tRtlGetAppContainerNamedObjectPath [0x77B487D4+228]\n\tRtlGetAppContainerNamedObjectPath [0x77B487A4+180]\n"}, "parameters": [{"name": "arg1", "value": "${Tagsubmit}"}], "start": 1649469500885, "stop": 1649469500885}, {"name": "BuiltIn.Log", "status": "failed", "statusDetails": {"message": "WebDriverException: Message: unknown error: net::ERR_NAME_NOT_RESOLVED\n  (Session info: chrome=90.0.4430.72)\nStacktrace:\nBacktrace:\n\tOrdinal0 [0x00BAC013+2474003]\n\tOrdinal0 [0x00B429C1+2042305]\n\tOrdinal0 [0x00A52F68+1060712]\n\tOrdinal0 [0x00A4FD69+1047913]\n\tOrdinal0 [0x00A45F09+1007369]\n\tOrdinal0 [0x00A45C6F+1006703]\n\tOrdinal0 [0x00A44258+1000024]\n\tOrdinal0 [0x00A447E6+1001446]\n\tOrdinal0 [0x00A5444D+1066061]\n\tOrdinal0 [0x00AA5BBD+1399741]\n\tOrdinal0 [0x00A96813+1337363]\n\tOrdinal0 [0x00AA55CB+1398219]\n\tOrdinal0 [0x00A966DB+1337051]\n\tOrdinal0 [0x00A73427+1192999]\n\tOrdinal0 [0x00A742EE+1196782]\n\tOrdinal0 [0x00A74279+1196665]\n\tGetHandleVerifier [0x00D396FC+1590332]\n\tGetHandleVerifier [0x00DE8614+2306900]\n\tGetHandleVerifier [0x00C39E93+543699]\n\tGetHandleVerifier [0x00C392CE+540686]\n\tOrdinal0 [0x00B486BA+2066106]\n\tOrdinal0 [0x00B4D1C8+2085320]\n\tOrdinal0 [0x00B4D308+2085640]\n\tOrdinal0 [0x00B567F3+2123763]\n\tBaseThreadInitThunk [0x75546359+25]\n\tRtlGetAppContainerNamedObjectPath [0x77B487D4+228]\n\tRtlGetAppContainerNamedObjectPath [0x77B487A4+180]\n"}, "parameters": [{"name": "arg1", "value": "Tag Name Got submitted Done"}], "start": 1649469500886, "stop": 1649469500886}, {"name": "BuiltIn.Log", "status": "failed", "statusDetails": {"message": "WebDriverException: Message: unknown error: net::ERR_NAME_NOT_RESOLVED\n  (Session info: chrome=90.0.4430.72)\nStacktrace:\nBacktrace:\n\tOrdinal0 [0x00BAC013+2474003]\n\tOrdinal0 [0x00B429C1+2042305]\n\tOrdinal0 [0x00A52F68+1060712]\n\tOrdinal0 [0x00A4FD69+1047913]\n\tOrdinal0 [0x00A45F09+1007369]\n\tOrdinal0 [0x00A45C6F+1006703]\n\tOrdinal0 [0x00A44258+1000024]\n\tOrdinal0 [0x00A447E6+1001446]\n\tOrdinal0 [0x00A5444D+1066061]\n\tOrdinal0 [0x00AA5BBD+1399741]\n\tOrdinal0 [0x00A96813+1337363]\n\tOrdinal0 [0x00AA55CB+1398219]\n\tOrdinal0 [0x00A966DB+1337051]\n\tOrdinal0 [0x00A73427+1192999]\n\tOrdinal0 [0x00A742EE+1196782]\n\tOrdinal0 [0x00A74279+1196665]\n\tGetHandleVerifier [0x00D396FC+1590332]\n\tGetHandleVerifier [0x00DE8614+2306900]\n\tGetHandleVerifier [0x00C39E93+543699]\n\tGetHandleVerifier [0x00C392CE+540686]\n\tOrdinal0 [0x00B486BA+2066106]\n\tOrdinal0 [0x00B4D1C8+2085320]\n\tOrdinal0 [0x00B4D308+2085640]\n\tOrdinal0 [0x00B567F3+2123763]\n\tBaseThreadInitThunk [0x75546359+25]\n\tRtlGetAppContainerNamedObjectPath [0x77B487D4+228]\n\tRtlGetAppContainerNamedObjectPath [0x77B487A4+180]\n"}, "parameters": [{"name": "arg1", "value": "Upload progress is showing and click ok to accept the upload work in next step"}], "start": 1649469500887, "stop": 1649469500889}, {"name": "SeleniumLibrary.Wait Until Element Is Visible", "status": "failed", "statusDetails": {"message": "WebDriverException: Message: unknown error: net::ERR_NAME_NOT_RESOLVED\n  (Session info: chrome=90.0.4430.72)\nStacktrace:\nBacktrace:\n\tOrdinal0 [0x00BAC013+2474003]\n\tOrdinal0 [0x00B429C1+2042305]\n\tOrdinal0 [0x00A52F68+1060712]\n\tOrdinal0 [0x00A4FD69+1047913]\n\tOrdinal0 [0x00A45F09+1007369]\n\tOrdinal0 [0x00A45C6F+1006703]\n\tOrdinal0 [0x00A44258+1000024]\n\tOrdinal0 [0x00A447E6+1001446]\n\tOrdinal0 [0x00A5444D+1066061]\n\tOrdinal0 [0x00AA5BBD+1399741]\n\tOrdinal0 [0x00A96813+1337363]\n\tOrdinal0 [0x00AA55CB+1398219]\n\tOrdinal0 [0x00A966DB+1337051]\n\tOrdinal0 [0x00A73427+1192999]\n\tOrdinal0 [0x00A742EE+1196782]\n\tOrdinal0 [0x00A74279+1196665]\n\tGetHandleVerifier [0x00D396FC+1590332]\n\tGetHandleVerifier [0x00DE8614+2306900]\n\tGetHandleVerifier [0x00C39E93+543699]\n\tGetHandleVerifier [0x00C392CE+540686]\n\tOrdinal0 [0x00B486BA+2066106]\n\tOrdinal0 [0x00B4D1C8+2085320]\n\tOrdinal0 [0x00B4D308+2085640]\n\tOrdinal0 [0x00B567F3+2123763]\n\tBaseThreadInitThunk [0x75546359+25]\n\tRtlGetAppContainerNamedObjectPath [0x77B487D4+228]\n\tRtlGetAppContainerNamedObjectPath [0x77B487A4+180]\n"}, "parameters": [{"name": "arg1", "value": "${popUpLoadingOkButton}"}, {"name": "arg2", "value": "${FileUploadingTimeout}"}], "start": 1649469500889, "stop": 1649469500890}, {"name": "SeleniumLibrary.Click Button", "status": "failed", "statusDetails": {"message": "WebDriverException: Message: unknown error: net::ERR_NAME_NOT_RESOLVED\n  (Session info: chrome=90.0.4430.72)\nStacktrace:\nBacktrace:\n\tOrdinal0 [0x00BAC013+2474003]\n\tOrdinal0 [0x00B429C1+2042305]\n\tOrdinal0 [0x00A52F68+1060712]\n\tOrdinal0 [0x00A4FD69+1047913]\n\tOrdinal0 [0x00A45F09+1007369]\n\tOrdinal0 [0x00A45C6F+1006703]\n\tOrdinal0 [0x00A44258+1000024]\n\tOrdinal0 [0x00A447E6+1001446]\n\tOrdinal0 [0x00A5444D+1066061]\n\tOrdinal0 [0x00AA5BBD+1399741]\n\tOrdinal0 [0x00A96813+1337363]\n\tOrdinal0 [0x00AA55CB+1398219]\n\tOrdinal0 [0x00A966DB+1337051]\n\tOrdinal0 [0x00A73427+1192999]\n\tOrdinal0 [0x00A742EE+1196782]\n\tOrdinal0 [0x00A74279+1196665]\n\tGetHandleVerifier [0x00D396FC+1590332]\n\tGetHandleVerifier [0x00DE8614+2306900]\n\tGetHandleVerifier [0x00C39E93+543699]\n\tGetHandleVerifier [0x00C392CE+540686]\n\tOrdinal0 [0x00B486BA+2066106]\n\tOrdinal0 [0x00B4D1C8+2085320]\n\tOrdinal0 [0x00B4D308+2085640]\n\tOrdinal0 [0x00B567F3+2123763]\n\tBaseThreadInitThunk [0x75546359+25]\n\tRtlGetAppContainerNamedObjectPath [0x77B487D4+228]\n\tRtlGetAppContainerNamedObjectPath [0x77B487A4+180]\n"}, "parameters": [{"name": "arg1", "value": "${popUpLoadingOkButton}"}], "start": 1649469500890, "stop": 1649469500890}, {"name": "BuiltIn.Log", "status": "failed", "statusDetails": {"message": "WebDriverException: Message: unknown error: net::ERR_NAME_NOT_RESOLVED\n  (Session info: chrome=90.0.4430.72)\nStacktrace:\nBacktrace:\n\tOrdinal0 [0x00BAC013+2474003]\n\tOrdinal0 [0x00B429C1+2042305]\n\tOrdinal0 [0x00A52F68+1060712]\n\tOrdinal0 [0x00A4FD69+1047913]\n\tOrdinal0 [0x00A45F09+1007369]\n\tOrdinal0 [0x00A45C6F+1006703]\n\tOrdinal0 [0x00A44258+1000024]\n\tOrdinal0 [0x00A447E6+1001446]\n\tOrdinal0 [0x00A5444D+1066061]\n\tOrdinal0 [0x00AA5BBD+1399741]\n\tOrdinal0 [0x00A96813+1337363]\n\tOrdinal0 [0x00AA55CB+1398219]\n\tOrdinal0 [0x00A966DB+1337051]\n\tOrdinal0 [0x00A73427+1192999]\n\tOrdinal0 [0x00A742EE+1196782]\n\tOrdinal0 [0x00A74279+1196665]\n\tGetHandleVerifier [0x00D396FC+1590332]\n\tGetHandleVerifier [0x00DE8614+2306900]\n\tGetHandleVerifier [0x00C39E93+543699]\n\tGetHandleVerifier [0x00C392CE+540686]\n\tOrdinal0 [0x00B486BA+2066106]\n\tOrdinal0 [0x00B4D1C8+2085320]\n\tOrdinal0 [0x00B4D308+2085640]\n\tOrdinal0 [0x00B567F3+2123763]\n\tBaseThreadInitThunk [0x75546359+25]\n\tRtlGetAppContainerNamedObjectPath [0x77B487D4+228]\n\tRtlGetAppContainerNamedObjectPath [0x77B487A4+180]\n"}, "parameters": [{"name": "arg1", "value": "Ok button for Uploading Bundle Done"}], "start": 1649469500891, "stop": 1649469500891}, {"name": "SeleniumLibrary.Wait Until Element Is Visible", "status": "failed", "statusDetails": {"message": "WebDriverException: Message: unknown error: net::ERR_NAME_NOT_RESOLVED\n  (Session info: chrome=90.0.4430.72)\nStacktrace:\nBacktrace:\n\tOrdinal0 [0x00BAC013+2474003]\n\tOrdinal0 [0x00B429C1+2042305]\n\tOrdinal0 [0x00A52F68+1060712]\n\tOrdinal0 [0x00A4FD69+1047913]\n\tOrdinal0 [0x00A45F09+1007369]\n\tOrdinal0 [0x00A45C6F+1006703]\n\tOrdinal0 [0x00A44258+1000024]\n\tOrdinal0 [0x00A447E6+1001446]\n\tOrdinal0 [0x00A5444D+1066061]\n\tOrdinal0 [0x00AA5BBD+1399741]\n\tOrdinal0 [0x00A96813+1337363]\n\tOrdinal0 [0x00AA55CB+1398219]\n\tOrdinal0 [0x00A966DB+1337051]\n\tOrdinal0 [0x00A73427+1192999]\n\tOrdinal0 [0x00A742EE+1196782]\n\tOrdinal0 [0x00A74279+1196665]\n\tGetHandleVerifier [0x00D396FC+1590332]\n\tGetHandleVerifier [0x00DE8614+2306900]\n\tGetHandleVerifier [0x00C39E93+543699]\n\tGetHandleVerifier [0x00C392CE+540686]\n\tOrdinal0 [0x00B486BA+2066106]\n\tOrdinal0 [0x00B4D1C8+2085320]\n\tOrdinal0 [0x00B4D308+2085640]\n\tOrdinal0 [0x00B567F3+2123763]\n\tBaseThreadInitThunk [0x75546359+25]\n\tRtlGetAppContainerNamedObjectPath [0x77B487D4+228]\n\tRtlGetAppContainerNamedObjectPath [0x77B487A4+180]\n"}, "parameters": [{"name": "arg1", "value": "${ClickViewAnalysysLink}"}], "start": 1649469500891, "stop": 1649469500892}, {"name": "BuiltIn.Log", "status": "failed", "statusDetails": {"message": "WebDriverException: Message: unknown error: net::ERR_NAME_NOT_RESOLVED\n  (Session info: chrome=90.0.4430.72)\nStacktrace:\nBacktrace:\n\tOrdinal0 [0x00BAC013+2474003]\n\tOrdinal0 [0x00B429C1+2042305]\n\tOrdinal0 [0x00A52F68+1060712]\n\tOrdinal0 [0x00A4FD69+1047913]\n\tOrdinal0 [0x00A45F09+1007369]\n\tOrdinal0 [0x00A45C6F+1006703]\n\tOrdinal0 [0x00A44258+1000024]\n\tOrdinal0 [0x00A447E6+1001446]\n\tOrdinal0 [0x00A5444D+1066061]\n\tOrdinal0 [0x00AA5BBD+1399741]\n\tOrdinal0 [0x00A96813+1337363]\n\tOrdinal0 [0x00AA55CB+1398219]\n\tOrdinal0 [0x00A966DB+1337051]\n\tOrdinal0 [0x00A73427+1192999]\n\tOrdinal0 [0x00A742EE+1196782]\n\tOrdinal0 [0x00A74279+1196665]\n\tGetHandleVerifier [0x00D396FC+1590332]\n\tGetHandleVerifier [0x00DE8614+2306900]\n\tGetHandleVerifier [0x00C39E93+543699]\n\tGetHandleVerifier [0x00C392CE+540686]\n\tOrdinal0 [0x00B486BA+2066106]\n\tOrdinal0 [0x00B4D1C8+2085320]\n\tOrdinal0 [0x00B4D308+2085640]\n\tOrdinal0 [0x00B567F3+2123763]\n\tBaseThreadInitThunk [0x75546359+25]\n\tRtlGetAppContainerNamedObjectPath [0x77B487D4+228]\n\tRtlGetAppContainerNamedObjectPath [0x77B487A4+180]\n"}, "parameters": [{"name": "arg1", "value": "Click and Analysys Link is showing Click will happen in next step"}], "start": 1649469500892, "stop": 1649469500892}, {"name": "SeleniumLibrary.Click Element", "status": "failed", "statusDetails": {"message": "WebDriverException: Message: unknown error: net::ERR_NAME_NOT_RESOLVED\n  (Session info: chrome=90.0.4430.72)\nStacktrace:\nBacktrace:\n\tOrdinal0 [0x00BAC013+2474003]\n\tOrdinal0 [0x00B429C1+2042305]\n\tOrdinal0 [0x00A52F68+1060712]\n\tOrdinal0 [0x00A4FD69+1047913]\n\tOrdinal0 [0x00A45F09+1007369]\n\tOrdinal0 [0x00A45C6F+1006703]\n\tOrdinal0 [0x00A44258+1000024]\n\tOrdinal0 [0x00A447E6+1001446]\n\tOrdinal0 [0x00A5444D+1066061]\n\tOrdinal0 [0x00AA5BBD+1399741]\n\tOrdinal0 [0x00A96813+1337363]\n\tOrdinal0 [0x00AA55CB+1398219]\n\tOrdinal0 [0x00A966DB+1337051]\n\tOrdinal0 [0x00A73427+1192999]\n\tOrdinal0 [0x00A742EE+1196782]\n\tOrdinal0 [0x00A74279+1196665]\n\tGetHandleVerifier [0x00D396FC+1590332]\n\tGetHandleVerifier [0x00DE8614+2306900]\n\tGetHandleVerifier [0x00C39E93+543699]\n\tGetHandleVerifier [0x00C392CE+540686]\n\tOrdinal0 [0x00B486BA+2066106]\n\tOrdinal0 [0x00B4D1C8+2085320]\n\tOrdinal0 [0x00B4D308+2085640]\n\tOrdinal0 [0x00B567F3+2123763]\n\tBaseThreadInitThunk [0x75546359+25]\n\tRtlGetAppContainerNamedObjectPath [0x77B487D4+228]\n\tRtlGetAppContainerNamedObjectPath [0x77B487A4+180]\n"}, "parameters": [{"name": "arg1", "value": "${ClickViewAnalysysLink}"}], "start": 1649469500893, "stop": 1649469500893}, {"name": "BuiltIn.Log", "status": "failed", "statusDetails": {"message": "WebDriverException: Message: unknown error: net::ERR_NAME_NOT_RESOLVED\n  (Session info: chrome=90.0.4430.72)\nStacktrace:\nBacktrace:\n\tOrdinal0 [0x00BAC013+2474003]\n\tOrdinal0 [0x00B429C1+2042305]\n\tOrdinal0 [0x00A52F68+1060712]\n\tOrdinal0 [0x00A4FD69+1047913]\n\tOrdinal0 [0x00A45F09+1007369]\n\tOrdinal0 [0x00A45C6F+1006703]\n\tOrdinal0 [0x00A44258+1000024]\n\tOrdinal0 [0x00A447E6+1001446]\n\tOrdinal0 [0x00A5444D+1066061]\n\tOrdinal0 [0x00AA5BBD+1399741]\n\tOrdinal0 [0x00A96813+1337363]\n\tOrdinal0 [0x00AA55CB+1398219]\n\tOrdinal0 [0x00A966DB+1337051]\n\tOrdinal0 [0x00A73427+1192999]\n\tOrdinal0 [0x00A742EE+1196782]\n\tOrdinal0 [0x00A74279+1196665]\n\tGetHandleVerifier [0x00D396FC+1590332]\n\tGetHandleVerifier [0x00DE8614+2306900]\n\tGetHandleVerifier [0x00C39E93+543699]\n\tGetHandleVerifier [0x00C392CE+540686]\n\tOrdinal0 [0x00B486BA+2066106]\n\tOrdinal0 [0x00B4D1C8+2085320]\n\tOrdinal0 [0x00B4D308+2085640]\n\tOrdinal0 [0x00B567F3+2123763]\n\tBaseThreadInitThunk [0x75546359+25]\n\tRtlGetAppContainerNamedObjectPath [0x77B487D4+228]\n\tRtlGetAppContainerNamedObjectPath [0x77B487A4+180]\n"}, "parameters": [{"name": "arg1", "value": "Click and Analysys Link Got Clicked"}], "start": 1649469500893, "stop": 1649469500895}, {"name": "SeleniumLibrary.Wait Until Element Is Visible", "status": "failed", "statusDetails": {"message": "WebDriverException: Message: unknown error: net::ERR_NAME_NOT_RESOLVED\n  (Session info: chrome=90.0.4430.72)\nStacktrace:\nBacktrace:\n\tOrdinal0 [0x00BAC013+2474003]\n\tOrdinal0 [0x00B429C1+2042305]\n\tOrdinal0 [0x00A52F68+1060712]\n\tOrdinal0 [0x00A4FD69+1047913]\n\tOrdinal0 [0x00A45F09+1007369]\n\tOrdinal0 [0x00A45C6F+1006703]\n\tOrdinal0 [0x00A44258+1000024]\n\tOrdinal0 [0x00A447E6+1001446]\n\tOrdinal0 [0x00A5444D+1066061]\n\tOrdinal0 [0x00AA5BBD+1399741]\n\tOrdinal0 [0x00A96813+1337363]\n\tOrdinal0 [0x00AA55CB+1398219]\n\tOrdinal0 [0x00A966DB+1337051]\n\tOrdinal0 [0x00A73427+1192999]\n\tOrdinal0 [0x00A742EE+1196782]\n\tOrdinal0 [0x00A74279+1196665]\n\tGetHandleVerifier [0x00D396FC+1590332]\n\tGetHandleVerifier [0x00DE8614+2306900]\n\tGetHandleVerifier [0x00C39E93+543699]\n\tGetHandleVerifier [0x00C392CE+540686]\n\tOrdinal0 [0x00B486BA+2066106]\n\tOrdinal0 [0x00B4D1C8+2085320]\n\tOrdinal0 [0x00B4D308+2085640]\n\tOrdinal0 [0x00B567F3+2123763]\n\tBaseThreadInitThunk [0x75546359+25]\n\tRtlGetAppContainerNamedObjectPath [0x77B487D4+228]\n\tRtlGetAppContainerNamedObjectPath [0x77B487A4+180]\n"}, "parameters": [{"name": "arg1", "value": "${StatusButtonClick}"}, {"name": "arg2", "value": "${TimeoutSetup}"}], "start": 1649469500895, "stop": 1649469500896}, {"name": "BuiltIn.Log", "status": "failed", "statusDetails": {"message": "WebDriverException: Message: unknown error: net::ERR_NAME_NOT_RESOLVED\n  (Session info: chrome=90.0.4430.72)\nStacktrace:\nBacktrace:\n\tOrdinal0 [0x00BAC013+2474003]\n\tOrdinal0 [0x00B429C1+2042305]\n\tOrdinal0 [0x00A52F68+1060712]\n\tOrdinal0 [0x00A4FD69+1047913]\n\tOrdinal0 [0x00A45F09+1007369]\n\tOrdinal0 [0x00A45C6F+1006703]\n\tOrdinal0 [0x00A44258+1000024]\n\tOrdinal0 [0x00A447E6+1001446]\n\tOrdinal0 [0x00A5444D+1066061]\n\tOrdinal0 [0x00AA5BBD+1399741]\n\tOrdinal0 [0x00A96813+1337363]\n\tOrdinal0 [0x00AA55CB+1398219]\n\tOrdinal0 [0x00A966DB+1337051]\n\tOrdinal0 [0x00A73427+1192999]\n\tOrdinal0 [0x00A742EE+1196782]\n\tOrdinal0 [0x00A74279+1196665]\n\tGetHandleVerifier [0x00D396FC+1590332]\n\tGetHandleVerifier [0x00DE8614+2306900]\n\tGetHandleVerifier [0x00C39E93+543699]\n\tGetHandleVerifier [0x00C392CE+540686]\n\tOrdinal0 [0x00B486BA+2066106]\n\tOrdinal0 [0x00B4D1C8+2085320]\n\tOrdinal0 [0x00B4D308+2085640]\n\tOrdinal0 [0x00B567F3+2123763]\n\tBaseThreadInitThunk [0x75546359+25]\n\tRtlGetAppContainerNamedObjectPath [0x77B487D4+228]\n\tRtlGetAppContainerNamedObjectPath [0x77B487A4+180]\n"}, "parameters": [{"name": "arg1", "value": "Checking Status button"}], "start": 1649469500896, "stop": 1649469500897}, {"name": "SeleniumLibrary.Click Element", "status": "failed", "statusDetails": {"message": "WebDriverException: Message: unknown error: net::ERR_NAME_NOT_RESOLVED\n  (Session info: chrome=90.0.4430.72)\nStacktrace:\nBacktrace:\n\tOrdinal0 [0x00BAC013+2474003]\n\tOrdinal0 [0x00B429C1+2042305]\n\tOrdinal0 [0x00A52F68+1060712]\n\tOrdinal0 [0x00A4FD69+1047913]\n\tOrdinal0 [0x00A45F09+1007369]\n\tOrdinal0 [0x00A45C6F+1006703]\n\tOrdinal0 [0x00A44258+1000024]\n\tOrdinal0 [0x00A447E6+1001446]\n\tOrdinal0 [0x00A5444D+1066061]\n\tOrdinal0 [0x00AA5BBD+1399741]\n\tOrdinal0 [0x00A96813+1337363]\n\tOrdinal0 [0x00AA55CB+1398219]\n\tOrdinal0 [0x00A966DB+1337051]\n\tOrdinal0 [0x00A73427+1192999]\n\tOrdinal0 [0x00A742EE+1196782]\n\tOrdinal0 [0x00A74279+1196665]\n\tGetHandleVerifier [0x00D396FC+1590332]\n\tGetHandleVerifier [0x00DE8614+2306900]\n\tGetHandleVerifier [0x00C39E93+543699]\n\tGetHandleVerifier [0x00C392CE+540686]\n\tOrdinal0 [0x00B486BA+2066106]\n\tOrdinal0 [0x00B4D1C8+2085320]\n\tOrdinal0 [0x00B4D308+2085640]\n\tOrdinal0 [0x00B567F3+2123763]\n\tBaseThreadInitThunk [0x75546359+25]\n\tRtlGetAppContainerNamedObjectPath [0x77B487D4+228]\n\tRtlGetAppContainerNamedObjectPath [0x77B487A4+180]\n"}, "parameters": [{"name": "arg1", "value": "${StatusButtonClick}"}], "start": 1649469500897, "stop": 1649469500897}, {"name": "SeleniumLibrary.Wait Until Element Is Visible", "status": "failed", "statusDetails": {"message": "WebDriverException: Message: unknown error: net::ERR_NAME_NOT_RESOLVED\n  (Session info: chrome=90.0.4430.72)\nStacktrace:\nBacktrace:\n\tOrdinal0 [0x00BAC013+2474003]\n\tOrdinal0 [0x00B429C1+2042305]\n\tOrdinal0 [0x00A52F68+1060712]\n\tOrdinal0 [0x00A4FD69+1047913]\n\tOrdinal0 [0x00A45F09+1007369]\n\tOrdinal0 [0x00A45C6F+1006703]\n\tOrdinal0 [0x00A44258+1000024]\n\tOrdinal0 [0x00A447E6+1001446]\n\tOrdinal0 [0x00A5444D+1066061]\n\tOrdinal0 [0x00AA5BBD+1399741]\n\tOrdinal0 [0x00A96813+1337363]\n\tOrdinal0 [0x00AA55CB+1398219]\n\tOrdinal0 [0x00A966DB+1337051]\n\tOrdinal0 [0x00A73427+1192999]\n\tOrdinal0 [0x00A742EE+1196782]\n\tOrdinal0 [0x00A74279+1196665]\n\tGetHandleVerifier [0x00D396FC+1590332]\n\tGetHandleVerifier [0x00DE8614+2306900]\n\tGetHandleVerifier [0x00C39E93+543699]\n\tGetHandleVerifier [0x00C392CE+540686]\n\tOrdinal0 [0x00B486BA+2066106]\n\tOrdinal0 [0x00B4D1C8+2085320]\n\tOrdinal0 [0x00B4D308+2085640]\n\tOrdinal0 [0x00B567F3+2123763]\n\tBaseThreadInitThunk [0x75546359+25]\n\tRtlGetAppContainerNamedObjectPath [0x77B487D4+228]\n\tRtlGetAppContainerNamedObjectPath [0x77B487A4+180]\n"}, "parameters": [{"name": "arg1", "value": "xpath=(${OutputStatusStringCheck})"}, {"name": "arg2", "value": "${TimeoutSetup}"}], "start": 1649469500897, "stop": 1649469500897}, {"name": "${item} IN RANGE [ ${BundleStatusRange} ]", "status": "failed", "statusDetails": {"message": "WebDriverException: Message: unknown error: net::ERR_NAME_NOT_RESOLVED\n  (Session info: chrome=90.0.4430.72)\nStacktrace:\nBacktrace:\n\tOrdinal0 [0x00BAC013+2474003]\n\tOrdinal0 [0x00B429C1+2042305]\n\tOrdinal0 [0x00A52F68+1060712]\n\tOrdinal0 [0x00A4FD69+1047913]\n\tOrdinal0 [0x00A45F09+1007369]\n\tOrdinal0 [0x00A45C6F+1006703]\n\tOrdinal0 [0x00A44258+1000024]\n\tOrdinal0 [0x00A447E6+1001446]\n\tOrdinal0 [0x00A5444D+1066061]\n\tOrdinal0 [0x00AA5BBD+1399741]\n\tOrdinal0 [0x00A96813+1337363]\n\tOrdinal0 [0x00AA55CB+1398219]\n\tOrdinal0 [0x00A966DB+1337051]\n\tOrdinal0 [0x00A73427+1192999]\n\tOrdinal0 [0x00A742EE+1196782]\n\tOrdinal0 [0x00A74279+1196665]\n\tGetHandleVerifier [0x00D396FC+1590332]\n\tGetHandleVerifier [0x00DE8614+2306900]\n\tGetHandleVerifier [0x00C39E93+543699]\n\tGetHandleVerifier [0x00C392CE+540686]\n\tOrdinal0 [0x00B486BA+2066106]\n\tOrdinal0 [0x00B4D1C8+2085320]\n\tOrdinal0 [0x00B4D308+2085640]\n\tOrdinal0 [0x00B567F3+2123763]\n\tBaseThreadInitThunk [0x75546359+25]\n\tRtlGetAppContainerNamedObjectPath [0x77B487D4+228]\n\tRtlGetAppContainerNamedObjectPath [0x77B487A4+180]\n"}, "steps": [{"name": "${item} = ${item}", "status": "failed", "statusDetails": {"message": "WebDriverException: Message: unknown error: net::ERR_NAME_NOT_RESOLVED\n  (Session info: chrome=90.0.4430.72)\nStacktrace:\nBacktrace:\n\tOrdinal0 [0x00BAC013+2474003]\n\tOrdinal0 [0x00B429C1+2042305]\n\tOrdinal0 [0x00A52F68+1060712]\n\tOrdinal0 [0x00A4FD69+1047913]\n\tOrdinal0 [0x00A45F09+1007369]\n\tOrdinal0 [0x00A45C6F+1006703]\n\tOrdinal0 [0x00A44258+1000024]\n\tOrdinal0 [0x00A447E6+1001446]\n\tOrdinal0 [0x00A5444D+1066061]\n\tOrdinal0 [0x00AA5BBD+1399741]\n\tOrdinal0 [0x00A96813+1337363]\n\tOrdinal0 [0x00AA55CB+1398219]\n\tOrdinal0 [0x00A966DB+1337051]\n\tOrdinal0 [0x00A73427+1192999]\n\tOrdinal0 [0x00A742EE+1196782]\n\tOrdinal0 [0x00A74279+1196665]\n\tGetHandleVerifier [0x00D396FC+1590332]\n\tGetHandleVerifier [0x00DE8614+2306900]\n\tGetHandleVerifier [0x00C39E93+543699]\n\tGetHandleVerifier [0x00C392CE+540686]\n\tOrdinal0 [0x00B486BA+2066106]\n\tOrdinal0 [0x00B4D1C8+2085320]\n\tOrdinal0 [0x00B4D308+2085640]\n\tOrdinal0 [0x00B567F3+2123763]\n\tBaseThreadInitThunk [0x75546359+25]\n\tRtlGetAppContainerNamedObjectPath [0x77B487D4+228]\n\tRtlGetAppContainerNamedObjectPath [0x77B487A4+180]\n"}, "steps": [{"name": "SeleniumLibrary.Get Element Count", "status": "failed", "statusDetails": {"message": "WebDriverException: Message: unknown error: net::ERR_NAME_NOT_RESOLVED\n  (Session info: chrome=90.0.4430.72)\nStacktrace:\nBacktrace:\n\tOrdinal0 [0x00BAC013+2474003]\n\tOrdinal0 [0x00B429C1+2042305]\n\tOrdinal0 [0x00A52F68+1060712]\n\tOrdinal0 [0x00A4FD69+1047913]\n\tOrdinal0 [0x00A45F09+1007369]\n\tOrdinal0 [0x00A45C6F+1006703]\n\tOrdinal0 [0x00A44258+1000024]\n\tOrdinal0 [0x00A447E6+1001446]\n\tOrdinal0 [0x00A5444D+1066061]\n\tOrdinal0 [0x00AA5BBD+1399741]\n\tOrdinal0 [0x00A96813+1337363]\n\tOrdinal0 [0x00AA55CB+1398219]\n\tOrdinal0 [0x00A966DB+1337051]\n\tOrdinal0 [0x00A73427+1192999]\n\tOrdinal0 [0x00A742EE+1196782]\n\tOrdinal0 [0x00A74279+1196665]\n\tGetHandleVerifier [0x00D396FC+1590332]\n\tGetHandleVerifier [0x00DE8614+2306900]\n\tGetHandleVerifier [0x00C39E93+543699]\n\tGetHandleVerifier [0x00C392CE+540686]\n\tOrdinal0 [0x00B486BA+2066106]\n\tOrdinal0 [0x00B4D1C8+2085320]\n\tOrdinal0 [0x00B4D308+2085640]\n\tOrdinal0 [0x00B567F3+2123763]\n\tBaseThreadInitThunk [0x75546359+25]\n\tRtlGetAppContainerNamedObjectPath [0x77B487D4+228]\n\tRtlGetAppContainerNamedObjectPath [0x77B487A4+180]\n"}, "parameters": [{"name": "arg1", "value": "${OutputStatusStringCheck}"}], "start": 1649469500901, "stop": 1649469500902}, {"name": "keyword. Get Final Bundle List", "status": "failed", "statusDetails": {"message": "WebDriverException: Message: unknown error: net::ERR_NAME_NOT_RESOLVED\n  (Session info: chrome=90.0.4430.72)\nStacktrace:\nBacktrace:\n\tOrdinal0 [0x00BAC013+2474003]\n\tOrdinal0 [0x00B429C1+2042305]\n\tOrdinal0 [0x00A52F68+1060712]\n\tOrdinal0 [0x00A4FD69+1047913]\n\tOrdinal0 [0x00A45F09+1007369]\n\tOrdinal0 [0x00A45C6F+1006703]\n\tOrdinal0 [0x00A44258+1000024]\n\tOrdinal0 [0x00A447E6+1001446]\n\tOrdinal0 [0x00A5444D+1066061]\n\tOrdinal0 [0x00AA5BBD+1399741]\n\tOrdinal0 [0x00A96813+1337363]\n\tOrdinal0 [0x00AA55CB+1398219]\n\tOrdinal0 [0x00A966DB+1337051]\n\tOrdinal0 [0x00A73427+1192999]\n\tOrdinal0 [0x00A742EE+1196782]\n\tOrdinal0 [0x00A74279+1196665]\n\tGetHandleVerifier [0x00D396FC+1590332]\n\tGetHandleVerifier [0x00DE8614+2306900]\n\tGetHandleVerifier [0x00C39E93+543699]\n\tGetHandleVerifier [0x00C392CE+540686]\n\tOrdinal0 [0x00B486BA+2066106]\n\tOrdinal0 [0x00B4D1C8+2085320]\n\tOrdinal0 [0x00B4D308+2085640]\n\tOrdinal0 [0x00B567F3+2123763]\n\tBaseThreadInitThunk [0x75546359+25]\n\tRtlGetAppContainerNamedObjectPath [0x77B487D4+228]\n\tRtlGetAppContainerNamedObjectPath [0x77B487A4+180]\n"}, "parameters": [{"name": "arg1", "value": "${count}"}], "start": 1649469500903, "stop": 1649469500905}, {"name": "keyword. final_bundle_value_compare", "status": "failed", "statusDetails": {"message": "WebDriverException: Message: unknown error: net::ERR_NAME_NOT_RESOLVED\n  (Session info: chrome=90.0.4430.72)\nStacktrace:\nBacktrace:\n\tOrdinal0 [0x00BAC013+2474003]\n\tOrdinal0 [0x00B429C1+2042305]\n\tOrdinal0 [0x00A52F68+1060712]\n\tOrdinal0 [0x00A4FD69+1047913]\n\tOrdinal0 [0x00A45F09+1007369]\n\tOrdinal0 [0x00A45C6F+1006703]\n\tOrdinal0 [0x00A44258+1000024]\n\tOrdinal0 [0x00A447E6+1001446]\n\tOrdinal0 [0x00A5444D+1066061]\n\tOrdinal0 [0x00AA5BBD+1399741]\n\tOrdinal0 [0x00A96813+1337363]\n\tOrdinal0 [0x00AA55CB+1398219]\n\tOrdinal0 [0x00A966DB+1337051]\n\tOrdinal0 [0x00A73427+1192999]\n\tOrdinal0 [0x00A742EE+1196782]\n\tOrdinal0 [0x00A74279+1196665]\n\tGetHandleVerifier [0x00D396FC+1590332]\n\tGetHandleVerifier [0x00DE8614+2306900]\n\tGetHandleVerifier [0x00C39E93+543699]\n\tGetHandleVerifier [0x00C392CE+540686]\n\tOrdinal0 [0x00B486BA+2066106]\n\tOrdinal0 [0x00B4D1C8+2085320]\n\tOrdinal0 [0x00B4D308+2085640]\n\tOrdinal0 [0x00B567F3+2123763]\n\tBaseThreadInitThunk [0x75546359+25]\n\tRtlGetAppContainerNamedObjectPath [0x77B487D4+228]\n\tRtlGetAppContainerNamedObjectPath [0x77B487A4+180]\n"}, "parameters": [{"name": "arg1", "value": "${StaticList}"}, {"name": "arg2", "value": "${TotalStatus}"}], "start": 1649469500905, "stop": 1649469500906}, {"name": "BuiltIn.Exit For Loop If", "status": "failed", "statusDetails": {"message": "WebDriverException: Message: unknown error: net::ERR_NAME_NOT_RESOLVED\n  (Session info: chrome=90.0.4430.72)\nStacktrace:\nBacktrace:\n\tOrdinal0 [0x00BAC013+2474003]\n\tOrdinal0 [0x00B429C1+2042305]\n\tOrdinal0 [0x00A52F68+1060712]\n\tOrdinal0 [0x00A4FD69+1047913]\n\tOrdinal0 [0x00A45F09+1007369]\n\tOrdinal0 [0x00A45C6F+1006703]\n\tOrdinal0 [0x00A44258+1000024]\n\tOrdinal0 [0x00A447E6+1001446]\n\tOrdinal0 [0x00A5444D+1066061]\n\tOrdinal0 [0x00AA5BBD+1399741]\n\tOrdinal0 [0x00A96813+1337363]\n\tOrdinal0 [0x00AA55CB+1398219]\n\tOrdinal0 [0x00A966DB+1337051]\n\tOrdinal0 [0x00A73427+1192999]\n\tOrdinal0 [0x00A742EE+1196782]\n\tOrdinal0 [0x00A74279+1196665]\n\tGetHandleVerifier [0x00D396FC+1590332]\n\tGetHandleVerifier [0x00DE8614+2306900]\n\tGetHandleVerifier [0x00C39E93+543699]\n\tGetHandleVerifier [0x00C392CE+540686]\n\tOrdinal0 [0x00B486BA+2066106]\n\tOrdinal0 [0x00B4D1C8+2085320]\n\tOrdinal0 [0x00B4D308+2085640]\n\tOrdinal0 [0x00B567F3+2123763]\n\tBaseThreadInitThunk [0x75546359+25]\n\tRtlGetAppContainerNamedObjectPath [0x77B487D4+228]\n\tRtlGetAppContainerNamedObjectPath [0x77B487A4+180]\n"}, "parameters": [{"name": "arg1", "value": "${found}"}], "start": 1649469500907, "stop": 1649469500908}, {"name": "BuiltIn.Sleep", "status": "failed", "statusDetails": {"message": "WebDriverException: Message: unknown error: net::ERR_NAME_NOT_RESOLVED\n  (Session info: chrome=90.0.4430.72)\nStacktrace:\nBacktrace:\n\tOrdinal0 [0x00BAC013+2474003]\n\tOrdinal0 [0x00B429C1+2042305]\n\tOrdinal0 [0x00A52F68+1060712]\n\tOrdinal0 [0x00A4FD69+1047913]\n\tOrdinal0 [0x00A45F09+1007369]\n\tOrdinal0 [0x00A45C6F+1006703]\n\tOrdinal0 [0x00A44258+1000024]\n\tOrdinal0 [0x00A447E6+1001446]\n\tOrdinal0 [0x00A5444D+1066061]\n\tOrdinal0 [0x00AA5BBD+1399741]\n\tOrdinal0 [0x00A96813+1337363]\n\tOrdinal0 [0x00AA55CB+1398219]\n\tOrdinal0 [0x00A966DB+1337051]\n\tOrdinal0 [0x00A73427+1192999]\n\tOrdinal0 [0x00A742EE+1196782]\n\tOrdinal0 [0x00A74279+1196665]\n\tGetHandleVerifier [0x00D396FC+1590332]\n\tGetHandleVerifier [0x00DE8614+2306900]\n\tGetHandleVerifier [0x00C39E93+543699]\n\tGetHandleVerifier [0x00C392CE+540686]\n\tOrdinal0 [0x00B486BA+2066106]\n\tOrdinal0 [0x00B4D1C8+2085320]\n\tOrdinal0 [0x00B4D308+2085640]\n\tOrdinal0 [0x00B567F3+2123763]\n\tBaseThreadInitThunk [0x75546359+25]\n\tRtlGetAppContainerNamedObjectPath [0x77B487D4+228]\n\tRtlGetAppContainerNamedObjectPath [0x77B487A4+180]\n"}, "parameters": [{"name": "arg1", "value": "${TimeoutSetup}"}], "start": 1649469500908, "stop": 1649469500909}], "start": 1649469500900, "stop": 1649469500910}], "start": 1649469500900, "stop": 1649469500912}, {"name": "BuiltIn.Log", "status": "failed", "statusDetails": {"message": "WebDriverException: Message: unknown error: net::ERR_NAME_NOT_RESOLVED\n  (Session info: chrome=90.0.4430.72)\nStacktrace:\nBacktrace:\n\tOrdinal0 [0x00BAC013+2474003]\n\tOrdinal0 [0x00B429C1+2042305]\n\tOrdinal0 [0x00A52F68+1060712]\n\tOrdinal0 [0x00A4FD69+1047913]\n\tOrdinal0 [0x00A45F09+1007369]\n\tOrdinal0 [0x00A45C6F+1006703]\n\tOrdinal0 [0x00A44258+1000024]\n\tOrdinal0 [0x00A447E6+1001446]\n\tOrdinal0 [0x00A5444D+1066061]\n\tOrdinal0 [0x00AA5BBD+1399741]\n\tOrdinal0 [0x00A96813+1337363]\n\tOrdinal0 [0x00AA55CB+1398219]\n\tOrdinal0 [0x00A966DB+1337051]\n\tOrdinal0 [0x00A73427+1192999]\n\tOrdinal0 [0x00A742EE+1196782]\n\tOrdinal0 [0x00A74279+1196665]\n\tGetHandleVerifier [0x00D396FC+1590332]\n\tGetHandleVerifier [0x00DE8614+2306900]\n\tGetHandleVerifier [0x00C39E93+543699]\n\tGetHandleVerifier [0x00C392CE+540686]\n\tOrdinal0 [0x00B486BA+2066106]\n\tOrdinal0 [0x00B4D1C8+2085320]\n\tOrdinal0 [0x00B4D308+2085640]\n\tOrdinal0 [0x00B567F3+2123763]\n\tBaseThreadInitThunk [0x75546359+25]\n\tRtlGetAppContainerNamedObjectPath [0x77B487D4+228]\n\tRtlGetAppContainerNamedObjectPath [0x77B487A4+180]\n"}, "parameters": [{"name": "arg1", "value": "${TotalStatus}"}], "start": 1649469500913, "stop": 1649469500914}, {"name": "cleanup_script.Clean Up Process", "status": "failed", "statusDetails": {"message": "WebDriverException: Message: unknown error: net::ERR_NAME_NOT_RESOLVED\n  (Session info: chrome=90.0.4430.72)\nStacktrace:\nBacktrace:\n\tOrdinal0 [0x00BAC013+2474003]\n\tOrdinal0 [0x00B429C1+2042305]\n\tOrdinal0 [0x00A52F68+1060712]\n\tOrdinal0 [0x00A4FD69+1047913]\n\tOrdinal0 [0x00A45F09+1007369]\n\tOrdinal0 [0x00A45C6F+1006703]\n\tOrdinal0 [0x00A44258+1000024]\n\tOrdinal0 [0x00A447E6+1001446]\n\tOrdinal0 [0x00A5444D+1066061]\n\tOrdinal0 [0x00AA5BBD+1399741]\n\tOrdinal0 [0x00A96813+1337363]\n\tOrdinal0 [0x00AA55CB+1398219]\n\tOrdinal0 [0x00A966DB+1337051]\n\tOrdinal0 [0x00A73427+1192999]\n\tOrdinal0 [0x00A742EE+1196782]\n\tOrdinal0 [0x00A74279+1196665]\n\tGetHandleVerifier [0x00D396FC+1590332]\n\tGetHandleVerifier [0x00DE8614+2306900]\n\tGetHandleVerifier [0x00C39E93+543699]\n\tGetHandleVerifier [0x00C392CE+540686]\n\tOrdinal0 [0x00B486BA+2066106]\n\tOrdinal0 [0x00B4D1C8+2085320]\n\tOrdinal0 [0x00B4D308+2085640]\n\tOrdinal0 [0x00B567F3+2123763]\n\tBaseThreadInitThunk [0x75546359+25]\n\tRtlGetAppContainerNamedObjectPath [0x77B487D4+228]\n\tRtlGetAppContainerNamedObjectPath [0x77B487A4+180]\n"}, "start": 1649469500914, "stop": 1649469500916}, {"name": "BuiltIn.Log", "status": "failed", "statusDetails": {"message": "WebDriverException: Message: unknown error: net::ERR_NAME_NOT_RESOLVED\n  (Session info: chrome=90.0.4430.72)\nStacktrace:\nBacktrace:\n\tOrdinal0 [0x00BAC013+2474003]\n\tOrdinal0 [0x00B429C1+2042305]\n\tOrdinal0 [0x00A52F68+1060712]\n\tOrdinal0 [0x00A4FD69+1047913]\n\tOrdinal0 [0x00A45F09+1007369]\n\tOrdinal0 [0x00A45C6F+1006703]\n\tOrdinal0 [0x00A44258+1000024]\n\tOrdinal0 [0x00A447E6+1001446]\n\tOrdinal0 [0x00A5444D+1066061]\n\tOrdinal0 [0x00AA5BBD+1399741]\n\tOrdinal0 [0x00A96813+1337363]\n\tOrdinal0 [0x00AA55CB+1398219]\n\tOrdinal0 [0x00A966DB+1337051]\n\tOrdinal0 [0x00A73427+1192999]\n\tOrdinal0 [0x00A742EE+1196782]\n\tOrdinal0 [0x00A74279+1196665]\n\tGetHandleVerifier [0x00D396FC+1590332]\n\tGetHandleVerifier [0x00DE8614+2306900]\n\tGetHandleVerifier [0x00C39E93+543699]\n\tGetHandleVerifier [0x00C392CE+540686]\n\tOrdinal0 [0x00B486BA+2066106]\n\tOrdinal0 [0x00B4D1C8+2085320]\n\tOrdinal0 [0x00B4D308+2085640]\n\tOrdinal0 [0x00B567F3+2123763]\n\tBaseThreadInitThunk [0x75546359+25]\n\tRtlGetAppContainerNamedObjectPath [0x77B487D4+228]\n\tRtlGetAppContainerNamedObjectPath [0x77B487A4+180]\n"}, "parameters": [{"name": "arg1", "value": "${clean}"}], "start": 1649469500917, "stop": 1649469500917}], "parameters": [{"name": "arg1", "value": "${i}"}, {"name": "arg2", "value": "${val}"}], "start": 1649469495890, "stop": 1649469500920}], "start": 1649469495888, "stop": 1649469500921}], "start": 1649469495888, "stop": 1649469500922}], "parameters": [{"name": "arg1", "value": "${val}"}, {"name": "arg2", "value": "${length}"}], "start": 1649469495887, "stop": 1649469500926}], "start": 1649469495885, "stop": 1649469500927}], "start": 1649469495884, "stop": 1649469500929}, {"name": "BuiltIn.Log", "status": "failed", "statusDetails": {"message": "WebDriverException: Message: unknown error: net::ERR_NAME_NOT_RESOLVED\n  (Session info: chrome=90.0.4430.72)\nStacktrace:\nBacktrace:\n\tOrdinal0 [0x00BAC013+2474003]\n\tOrdinal0 [0x00B429C1+2042305]\n\tOrdinal0 [0x00A52F68+1060712]\n\tOrdinal0 [0x00A4FD69+1047913]\n\tOrdinal0 [0x00A45F09+1007369]\n\tOrdinal0 [0x00A45C6F+1006703]\n\tOrdinal0 [0x00A44258+1000024]\n\tOrdinal0 [0x00A447E6+1001446]\n\tOrdinal0 [0x00A5444D+1066061]\n\tOrdinal0 [0x00AA5BBD+1399741]\n\tOrdinal0 [0x00A96813+1337363]\n\tOrdinal0 [0x00AA55CB+1398219]\n\tOrdinal0 [0x00A966DB+1337051]\n\tOrdinal0 [0x00A73427+1192999]\n\tOrdinal0 [0x00A742EE+1196782]\n\tOrdinal0 [0x00A74279+1196665]\n\tGetHandleVerifier [0x00D396FC+1590332]\n\tGetHandleVerifier [0x00DE8614+2306900]\n\tGetHandleVerifier [0x00C39E93+543699]\n\tGetHandleVerifier [0x00C392CE+540686]\n\tOrdinal0 [0x00B486BA+2066106]\n\tOrdinal0 [0x00B4D1C8+2085320]\n\tOrdinal0 [0x00B4D308+2085640]\n\tOrdinal0 [0x00B567F3+2123763]\n\tBaseThreadInitThunk [0x75546359+25]\n\tRtlGetAppContainerNamedObjectPath [0x77B487D4+228]\n\tRtlGetAppContainerNamedObjectPath [0x77B487A4+180]\n"}, "parameters": [{"name": "arg1", "value": "Successfully Complted All Process Like Rules Creation,Pattern Creation And ML With All Status"}], "start": 1649469500931, "stop": 1649469500931}], "start": 1649469495842, "stop": 1649469500932, "uuid": "1051d18c-f62c-445d-a0a3-aa91df1eca5d", "historyId": "1a3f0f4d72c4b1eb1d3b9fad86b4eeae", "fullName": "Alice.TC-01: Verify Account Creation in Alice", "labels": [{"name": "suite", "value": "Alice"}, {"name": "framework", "value": "robotframework"}, {"name": "language", "value": "cpython3"}, {"name": "host", "value": "N-20L6PF1QFDAZ"}, {"name": "thread", "value": "default-27b7b2f1-c151-485f-a1f0-02d162af88c9"}, {"name": "tag", "value": "Test_Report"}, {"name": "tag", "value": "Test_Report"}]}